Type     Name                                                                          # reqs      # fails |    Avg     Min     Max    Med |   req/s  failures/s
--------|----------------------------------------------------------------------------|-------|-------------|-------|-------|-------|-------|--------|-----------
--------|----------------------------------------------------------------------------|-------|-------------|-------|-------|-------|-------|--------|-----------
         Aggregated                                                                         0     0(0.00%) |      0       0       0      0 |    0.00        0.00

[2026-04-16 17:13:01,442] Bhargavs-MacBook-Pro/WARNING/locust.runners: Your selected spawn rate is very high (>100), and this is known to sometimes cause issues. Do you really need to ramp up that fast?
Type     Name                                                                          # reqs      # fails |    Avg     Min     Max    Med |   req/s  failures/s
--------|----------------------------------------------------------------------------|-------|-------------|-------|-------|-------|-------|--------|-----------
POST     booking/book                                                                       1     0(0.00%) |     90      90      90     90 |    0.00        0.00
POST     queue/join                                                                       723     0(0.00%) |    197      38     632    160 |    0.00        0.00
GET      queue/status                                                                     401     0(0.00%) |    104      33     287     70 |    0.00        0.00
--------|----------------------------------------------------------------------------|-------|-------------|-------|-------|-------|-------|--------|-----------
         Aggregated                                                                      1125     0(0.00%) |    164      33     632    140 |    0.00        0.00

Type     Name                                                                          # reqs      # fails |    Avg     Min     Max    Med |   req/s  failures/s
--------|----------------------------------------------------------------------------|-------|-------------|-------|-------|-------|-------|--------|-----------
POST     booking/book                                                                      23     0(0.00%) |    142      51     285     91 |    0.50        0.00
POST     queue/join                                                                       723     0(0.00%) |    197      38     632    160 |  361.50        0.00
GET      queue/status                                                                     801     0(0.00%) |     78      26     287     52 |  200.00        0.00
--------|----------------------------------------------------------------------------|-------|-------------|-------|-------|-------|-------|--------|-----------
         Aggregated                                                                      1547     0(0.00%) |    134      26     632     80 |  562.00        0.00

Type     Name                                                                          # reqs      # fails |    Avg     Min     Max    Med |   req/s  failures/s
--------|----------------------------------------------------------------------------|-------|-------------|-------|-------|-------|-------|--------|-----------
POST     booking/book                                                                      42     0(0.00%) |    126      50     285     80 |    5.75        0.00
POST     queue/join                                                                       723     0(0.00%) |    197      38     632    160 |  180.75        0.00
GET      queue/status                                                                    1179     0(0.00%) |     69      26     287     50 |  178.75        0.00
--------|----------------------------------------------------------------------------|-------|-------------|-------|-------|-------|-------|--------|-----------
         Aggregated                                                                      1944     0(0.00%) |    118      26     632     66 |  365.25        0.00

Type     Name                                                                          # reqs      # fails |    Avg     Min     Max    Med |   req/s  failures/s
--------|----------------------------------------------------------------------------|-------|-------------|-------|-------|-------|-------|--------|-----------
POST     booking/book                                                                      54     0(0.00%) |    113      50     285     76 |    7.00        0.00
POST     queue/join                                                                       723     0(0.00%) |    197      38     632    160 |  120.50        0.00
GET      queue/status                                                                    1538     0(0.00%) |     66      26     287     50 |  182.17        0.00
--------|----------------------------------------------------------------------------|-------|-------------|-------|-------|-------|-------|--------|-----------
         Aggregated                                                                      2315     0(0.00%) |    108      26     632     63 |  309.67        0.00

Type     Name                                                                          # reqs      # fails |    Avg     Min     Max    Med |   req/s  failures/s
--------|----------------------------------------------------------------------------|-------|-------------|-------|-------|-------|-------|--------|-----------
POST     booking/book                                                                      74     0(0.00%) |    104      50     285     75 |    6.75        0.00
POST     queue/join                                                                       723     0(0.00%) |    197      38     632    160 |   90.38        0.00
GET      queue/status                                                                    1885     0(0.00%) |     66      26     287     52 |  181.50        0.00
--------|----------------------------------------------------------------------------|-------|-------------|-------|-------|-------|-------|--------|-----------
         Aggregated                                                                      2682     0(0.00%) |    103      26     632     63 |  278.62        0.00

Type     Name                                                                          # reqs      # fails |    Avg     Min     Max    Med |   req/s  failures/s
--------|----------------------------------------------------------------------------|-------|-------------|-------|-------|-------|-------|--------|-----------
POST     booking/book                                                                      95     0(0.00%) |     95      50     285     66 |    7.40        0.00
POST     queue/join                                                                       723     0(0.00%) |    197      38     632    160 |   72.30        0.00
GET      queue/status                                                                    2212     0(0.00%) |     66      26     287     53 |  179.90        0.00
--------|----------------------------------------------------------------------------|-------|-------------|-------|-------|-------|-------|--------|-----------
         Aggregated                                                                      3030     0(0.00%) |     98      26     632     62 |  259.60        0.00

Type     Name                                                                          # reqs      # fails |    Avg     Min     Max    Med |   req/s  failures/s
--------|----------------------------------------------------------------------------|-------|-------------|-------|-------|-------|-------|--------|-----------
POST     booking/book                                                                     114     0(0.00%) |     90      45     285     67 |    9.40        0.00
POST     queue/join                                                                       723     0(0.00%) |    197      38     632    160 |    0.00        0.00
GET      queue/status                                                                    2460     0(0.00%) |     65      26     287     53 |  167.70        0.00
--------|----------------------------------------------------------------------------|-------|-------------|-------|-------|-------|-------|--------|-----------
         Aggregated                                                                      3297     0(0.00%) |     95      26     632     61 |  177.10        0.00

Type     Name                                                                          # reqs      # fails |    Avg     Min     Max    Med |   req/s  failures/s
--------|----------------------------------------------------------------------------|-------|-------------|-------|-------|-------|-------|--------|-----------
POST     booking/book                                                                     134     0(0.00%) |     88      45     285     67 |    9.10        0.00
POST     queue/join                                                                       723     0(0.00%) |    197      38     632    160 |    0.00        0.00
GET      queue/status                                                                    2719     0(0.00%) |     65      26     287     54 |  162.20        0.00
--------|----------------------------------------------------------------------------|-------|-------------|-------|-------|-------|-------|--------|-----------
         Aggregated                                                                      3576     0(0.00%) |     93      26     632     61 |  171.30        0.00

Type     Name                                                                          # reqs      # fails |    Avg     Min     Max    Med |   req/s  failures/s
--------|----------------------------------------------------------------------------|-------|-------------|-------|-------|-------|-------|--------|-----------
POST     booking/book                                                                     154     0(0.00%) |     87      45     285     68 |    9.20        0.00
POST     queue/join                                                                       723     0(0.00%) |    197      38     632    160 |    0.00        0.00
GET      queue/status                                                                    2986     0(0.00%) |     66      26     287     55 |  150.20        0.00
--------|----------------------------------------------------------------------------|-------|-------------|-------|-------|-------|-------|--------|-----------
         Aggregated                                                                      3863     0(0.00%) |     91      26     632     62 |  159.40        0.00

Type     Name                                                                          # reqs      # fails |    Avg     Min     Max    Med |   req/s  failures/s
--------|----------------------------------------------------------------------------|-------|-------------|-------|-------|-------|-------|--------|-----------
POST     booking/book                                                                     174     0(0.00%) |     86      45     285     68 |   10.00        0.00
POST     queue/join                                                                       723     0(0.00%) |    197      38     632    160 |    0.00        0.00
GET      queue/status                                                                    3233     0(0.00%) |     66      26     287     56 |  141.00        0.00
--------|----------------------------------------------------------------------------|-------|-------------|-------|-------|-------|-------|--------|-----------
         Aggregated                                                                      4130     0(0.00%) |     89      26     632     62 |  151.00        0.00

Type     Name                                                                          # reqs      # fails |    Avg     Min     Max    Med |   req/s  failures/s
--------|----------------------------------------------------------------------------|-------|-------------|-------|-------|-------|-------|--------|-----------
POST     booking/book                                                                     190     0(0.00%) |     98      45     293     73 |   10.00        0.00
POST     queue/join                                                                       723     0(0.00%) |    197      38     632    160 |    0.00        0.00
GET      queue/status                                                                    3460     0(0.00%) |     67      26     287     58 |  131.00        0.00
--------|----------------------------------------------------------------------------|-------|-------------|-------|-------|-------|-------|--------|-----------
         Aggregated                                                                      4373     0(0.00%) |     90      26     632     64 |  141.00        0.00

Type     Name                                                                          # reqs      # fails |    Avg     Min     Max    Med |   req/s  failures/s
--------|----------------------------------------------------------------------------|-------|-------------|-------|-------|-------|-------|--------|-----------
POST     booking/book                                                                     192     0(0.00%) |     97      45     293     73 |    8.10        0.00
POST     queue/join                                                                       723     0(0.00%) |    197      38     632    160 |    0.00        0.00
GET      queue/status                                                                    3671     0(0.00%) |     67      26     287     60 |  125.90        0.00
--------|----------------------------------------------------------------------------|-------|-------------|-------|-------|-------|-------|--------|-----------
         Aggregated                                                                      4586     0(0.00%) |     89      26     632     66 |  134.00        0.00

Type     Name                                                                          # reqs      # fails |    Avg     Min     Max    Med |   req/s  failures/s
--------|----------------------------------------------------------------------------|-------|-------------|-------|-------|-------|-------|--------|-----------
POST     booking/book                                                                     194     0(0.00%) |     97      45     293     73 |    7.60        0.00
POST     queue/join                                                                       723     0(0.00%) |    197      38     632    160 |    0.00        0.00
GET      queue/status                                                                    3758     0(0.00%) |     67      26     287     61 |  121.00        0.00
--------|----------------------------------------------------------------------------|-------|-------------|-------|-------|-------|-------|--------|-----------
         Aggregated                                                                      4675     0(0.00%) |     89      26     632     66 |  128.60        0.00

Type     Name                                                                          # reqs      # fails |    Avg     Min     Max    Med |   req/s  failures/s
--------|----------------------------------------------------------------------------|-------|-------------|-------|-------|-------|-------|--------|-----------
POST     booking/book                                                                     198     0(0.00%) |     96      45     293     72 |    7.90        0.00
POST     queue/join                                                                       723     0(0.00%) |    197      38     632    160 |    0.00        0.00
GET      queue/status                                                                    3965     0(0.00%) |     68      26     287     62 |  123.90        0.00
--------|----------------------------------------------------------------------------|-------|-------------|-------|-------|-------|-------|--------|-----------
         Aggregated                                                                      4886     0(0.00%) |     88      26     632     67 |  131.80        0.00

Type     Name                                                                          # reqs      # fails |    Avg     Min     Max    Med |   req/s  failures/s
--------|----------------------------------------------------------------------------|-------|-------------|-------|-------|-------|-------|--------|-----------
POST     booking/book                                                                     200     0(0.00%) |     96      45     293     71 |    6.40        0.00
POST     queue/join                                                                       723     0(0.00%) |    197      38     632    160 |    0.00        0.00
GET      queue/status                                                                    4168     0(0.00%) |     69      26     287     64 |  107.40        0.00
--------|----------------------------------------------------------------------------|-------|-------------|-------|-------|-------|-------|--------|-----------
         Aggregated                                                                      5091     0(0.00%) |     88      26     632     68 |  113.80        0.00

Type     Name                                                                          # reqs      # fails |    Avg     Min     Max    Med |   req/s  failures/s
--------|----------------------------------------------------------------------------|-------|-------------|-------|-------|-------|-------|--------|-----------
POST     booking/book                                                                     200     0(0.00%) |     96      45     293     71 |    4.60        0.00
POST     queue/join                                                                       723     0(0.00%) |    197      38     632    160 |    0.00        0.00
GET      queue/status                                                                    4369     0(0.00%) |     69      26     287     66 |  101.00        0.00
--------|----------------------------------------------------------------------------|-------|-------------|-------|-------|-------|-------|--------|-----------
         Aggregated                                                                      5292     0(0.00%) |     88      26     632     69 |  105.60        0.00

Type     Name                                                                          # reqs      # fails |    Avg     Min     Max    Med |   req/s  failures/s
--------|----------------------------------------------------------------------------|-------|-------------|-------|-------|-------|-------|--------|-----------
POST     booking/book                                                                     200     0(0.00%) |     96      45     293     71 |    2.60        0.00
POST     queue/join                                                                       723     0(0.00%) |    197      38     632    160 |    0.00        0.00
GET      queue/status                                                                    4570     0(0.00%) |     69      26     287     67 |   96.40        0.00
--------|----------------------------------------------------------------------------|-------|-------------|-------|-------|-------|-------|--------|-----------
         Aggregated                                                                      5493     0(0.00%) |     87      26     632     70 |   99.00        0.00

Type     Name                                                                          # reqs      # fails |    Avg     Min     Max    Med |   req/s  failures/s
--------|----------------------------------------------------------------------------|-------|-------------|-------|-------|-------|-------|--------|-----------
POST     booking/book                                                                     200     0(0.00%) |     96      45     293     71 |    1.00        0.00
POST     queue/join                                                                       723     0(0.00%) |    197      38     632    160 |    0.00        0.00
GET      queue/status                                                                    4771     0(0.00%) |     70      26     287     68 |   93.80        0.00
--------|----------------------------------------------------------------------------|-------|-------------|-------|-------|-------|-------|--------|-----------
         Aggregated                                                                      5694     0(0.00%) |     87      26     632     71 |   94.80        0.00

Type     Name                                                                          # reqs      # fails |    Avg     Min     Max    Med |   req/s  failures/s
--------|----------------------------------------------------------------------------|-------|-------------|-------|-------|-------|-------|--------|-----------
POST     booking/book                                                                     204     0(0.00%) |     95      45     293     71 |    0.70        0.00
POST     queue/join                                                                       723     0(0.00%) |    197      38     632    160 |    0.00        0.00
GET      queue/status                                                                    4972     0(0.00%) |     71      26     287     69 |   92.80        0.00
--------|----------------------------------------------------------------------------|-------|-------------|-------|-------|-------|-------|--------|-----------
         Aggregated                                                                      5899     0(0.00%) |     87      26     632     72 |   93.50        0.00

Type     Name                                                                          # reqs      # fails |    Avg     Min     Max    Med |   req/s  failures/s
--------|----------------------------------------------------------------------------|-------|-------------|-------|-------|-------|-------|--------|-----------
POST     booking/book                                                                     223     0(0.00%) |    105      45     293     73 |    0.20        0.00
POST     queue/join                                                                       723     0(0.00%) |    197      38     632    160 |    0.00        0.00
GET      queue/status                                                                    5169     0(0.00%) |     71      26     287     69 |   89.20        0.00
--------|----------------------------------------------------------------------------|-------|-------------|-------|-------|-------|-------|--------|-----------
         Aggregated                                                                      6115     0(0.00%) |     87      26     632     72 |   89.40        0.00

Type     Name                                                                          # reqs      # fails |    Avg     Min     Max    Med |   req/s  failures/s
--------|----------------------------------------------------------------------------|-------|-------------|-------|-------|-------|-------|--------|-----------
POST     booking/book                                                                     244     0(0.00%) |    120      45     319     78 |    0.40        0.00
POST     queue/join                                                                       723     0(0.00%) |    197      38     632    160 |    0.00        0.00
GET      queue/status                                                                    5347     0(0.00%) |     71      26     287     70 |   89.00        0.00
--------|----------------------------------------------------------------------------|-------|-------------|-------|-------|-------|-------|--------|-----------
         Aggregated                                                                      6314     0(0.00%) |     87      26     632     72 |   89.40        0.00

Type     Name                                                                          # reqs      # fails |    Avg     Min     Max    Med |   req/s  failures/s
--------|----------------------------------------------------------------------------|-------|-------------|-------|-------|-------|-------|--------|-----------
POST     booking/book                                                                     266     0(0.00%) |    130      45     319     82 |    2.30        0.00
POST     queue/join                                                                       723     0(0.00%) |    197      38     632    160 |    0.00        0.00
GET      queue/status                                                                    5504     0(0.00%) |     71      26     287     70 |   88.60        0.00
--------|----------------------------------------------------------------------------|-------|-------------|-------|-------|-------|-------|--------|-----------
         Aggregated                                                                      6493     0(0.00%) |     87      26     632     72 |   90.90        0.00

Type     Name                                                                          # reqs      # fails |    Avg     Min     Max    Med |   req/s  failures/s
--------|----------------------------------------------------------------------------|-------|-------------|-------|-------|-------|-------|--------|-----------
POST     booking/book                                                                     287     0(0.00%) |    136      45     319     87 |    6.60        0.00
POST     queue/join                                                                       723     0(0.00%) |    197      38     632    160 |    0.00        0.00
GET      queue/status                                                                    5639     0(0.00%) |     71      26     287     71 |   93.40        0.00
--------|----------------------------------------------------------------------------|-------|-------------|-------|-------|-------|-------|--------|-----------
         Aggregated                                                                      6649     0(0.00%) |     87      26     632     73 |  100.00        0.00

Type     Name                                                                          # reqs      # fails |    Avg     Min     Max    Med |   req/s  failures/s
--------|----------------------------------------------------------------------------|-------|-------------|-------|-------|-------|-------|--------|-----------
POST     booking/book                                                                     308     0(0.00%) |    145      45     319     90 |    8.50        0.00
POST     queue/join                                                                       723     0(0.00%) |    197      38     632    160 |    0.00        0.00
GET      queue/status                                                                    5753     0(0.00%) |     71      26     287     71 |   86.80        0.00
--------|----------------------------------------------------------------------------|-------|-------------|-------|-------|-------|-------|--------|-----------
         Aggregated                                                                      6784     0(0.00%) |     88      26     632     73 |   95.30        0.00

Type     Name                                                                          # reqs      # fails |    Avg     Min     Max    Med |   req/s  failures/s
--------|----------------------------------------------------------------------------|-------|-------------|-------|-------|-------|-------|--------|-----------
POST     booking/book                                                                     330     0(0.00%) |    142      45     319     90 |   10.20        0.00
POST     queue/join                                                                       723     0(0.00%) |    197      38     632    160 |    0.00        0.00
GET      queue/status                                                                    5846     0(0.00%) |     71      26     287     71 |   70.00        0.00
--------|----------------------------------------------------------------------------|-------|-------------|-------|-------|-------|-------|--------|-----------
         Aggregated                                                                      6899     0(0.00%) |     88      26     632     73 |   80.20        0.00

Type     Name                                                                          # reqs      # fails |    Avg     Min     Max    Med |   req/s  failures/s
--------|----------------------------------------------------------------------------|-------|-------------|-------|-------|-------|-------|--------|-----------
POST     booking/book                                                                     353     0(0.00%) |    148      45     319     95 |    9.60        0.00
POST     queue/join                                                                       723     0(0.00%) |    197      38     632    160 |    0.00        0.00
GET      queue/status                                                                    5917     0(0.00%) |     72      26     287     72 |   59.80        0.00
--------|----------------------------------------------------------------------------|-------|-------------|-------|-------|-------|-------|--------|-----------
         Aggregated                                                                      6993     0(0.00%) |     88      26     632     74 |   69.40        0.00

Type     Name                                                                          # reqs      # fails |    Avg     Min     Max    Med |   req/s  failures/s
--------|----------------------------------------------------------------------------|-------|-------------|-------|-------|-------|-------|--------|-----------
POST     booking/book                                                                     355     0(0.00%) |    148      45     319     95 |    8.90        0.00
POST     queue/join                                                                       723     0(0.00%) |    197      38     632    160 |    0.00        0.00
GET      queue/status                                                                    5965     0(0.00%) |     72      26     287     72 |   50.20        0.00
--------|----------------------------------------------------------------------------|-------|-------------|-------|-------|-------|-------|--------|-----------
         Aggregated                                                                      7043     0(0.00%) |     88      26     632     74 |   59.10        0.00

Type     Name                                                                          # reqs      # fails |    Avg     Min     Max    Med |   req/s  failures/s
--------|----------------------------------------------------------------------------|-------|-------------|-------|-------|-------|-------|--------|-----------
POST     booking/book                                                                     376     0(0.00%) |    154      45     323    100 |    8.70        0.00
POST     queue/join                                                                       723     0(0.00%) |    197      38     632    160 |    0.00        0.00
GET      queue/status                                                                    5992     0(0.00%) |     72      26     287     72 |   41.30        0.00
--------|----------------------------------------------------------------------------|-------|-------------|-------|-------|-------|-------|--------|-----------
         Aggregated                                                                      7091     0(0.00%) |     89      26     632     74 |   50.00        0.00

Type     Name                                                                          # reqs      # fails |    Avg     Min     Max    Med |   req/s  failures/s
--------|----------------------------------------------------------------------------|-------|-------------|-------|-------|-------|-------|--------|-----------
POST     booking/book                                                                     396     0(0.00%) |    157      45     323    110 |    8.90        0.00
POST     queue/join                                                                       723     0(0.00%) |    197      38     632    160 |    0.00        0.00
GET      queue/status                                                                    6000     0(0.00%) |     72      26     287     72 |   32.60        0.00
--------|----------------------------------------------------------------------------|-------|-------------|-------|-------|-------|-------|--------|-----------
         Aggregated                                                                      7119     0(0.00%) |     89      26     632     74 |   41.50        0.00

Type     Name                                                                          # reqs      # fails |    Avg     Min     Max    Med |   req/s  failures/s
--------|----------------------------------------------------------------------------|-------|-------------|-------|-------|-------|-------|--------|-----------
POST     booking/book                                                                     401     0(0.00%) |    157      45     323    110 |    8.90        0.00
POST     queue/join                                                                       723     0(0.00%) |    197      38     632    160 |    0.00        0.00
GET      queue/status                                                                    6000     0(0.00%) |     72      26     287     72 |   32.60        0.00
--------|----------------------------------------------------------------------------|-------|-------------|-------|-------|-------|-------|--------|-----------
         Aggregated                                                                      7124     0(0.00%) |     89      26     632     74 |   41.50        0.00

Type     Name                                                                          # reqs      # fails |    Avg     Min     Max    Med |   req/s  failures/s
--------|----------------------------------------------------------------------------|-------|-------------|-------|-------|-------|-------|--------|-----------
POST     booking/book                                                                     401     0(0.00%) |    157      45     323    110 |    8.90        0.00
POST     queue/join                                                                       723     0(0.00%) |    197      38     632    160 |    0.00        0.00
GET      queue/status                                                                    6000     0(0.00%) |     72      26     287     72 |   32.60        0.00
--------|----------------------------------------------------------------------------|-------|-------------|-------|-------|-------|-------|--------|-----------
         Aggregated                                                                      7124     0(0.00%) |     89      26     632     74 |   41.50        0.00

Type     Name                                                                          # reqs      # fails |    Avg     Min     Max    Med |   req/s  failures/s
--------|----------------------------------------------------------------------------|-------|-------------|-------|-------|-------|-------|--------|-----------
POST     booking/book                                                                     401     0(0.00%) |    157      45     323    110 |    8.90        0.00
POST     queue/join                                                                       723     0(0.00%) |    197      38     632    160 |    0.00        0.00
GET      queue/status                                                                    6000     0(0.00%) |     72      26     287     72 |   32.60        0.00
--------|----------------------------------------------------------------------------|-------|-------------|-------|-------|-------|-------|--------|-----------
         Aggregated                                                                      7124     0(0.00%) |     89      26     632     74 |   41.50        0.00

Type     Name                                                                          # reqs      # fails |    Avg     Min     Max    Med |   req/s  failures/s
--------|----------------------------------------------------------------------------|-------|-------------|-------|-------|-------|-------|--------|-----------
POST     booking/book                                                                     401     0(0.00%) |    157      45     323    110 |    8.90        0.00
POST     queue/join                                                                       723     0(0.00%) |    197      38     632    160 |    0.00        0.00
GET      queue/status                                                                    6000     0(0.00%) |     72      26     287     72 |   32.60        0.00
--------|----------------------------------------------------------------------------|-------|-------------|-------|-------|-------|-------|--------|-----------
         Aggregated                                                                      7124     0(0.00%) |     89      26     632     74 |   41.50        0.00

Type     Name                                                                          # reqs      # fails |    Avg     Min     Max    Med |   req/s  failures/s
--------|----------------------------------------------------------------------------|-------|-------------|-------|-------|-------|-------|--------|-----------
POST     booking/book                                                                     401     0(0.00%) |    157      45     323    110 |    8.90        0.00
POST     queue/join                                                                       723     0(0.00%) |    197      38     632    160 |    0.00        0.00
GET      queue/status                                                                    6000     0(0.00%) |     72      26     287     72 |   32.60        0.00
--------|----------------------------------------------------------------------------|-------|-------------|-------|-------|-------|-------|--------|-----------
         Aggregated                                                                      7124     0(0.00%) |     89      26     632     74 |   41.50        0.00

Type     Name                                                                          # reqs      # fails |    Avg     Min     Max    Med |   req/s  failures/s
--------|----------------------------------------------------------------------------|-------|-------------|-------|-------|-------|-------|--------|-----------
POST     booking/book                                                                     401     0(0.00%) |    157      45     323    110 |    8.90        0.00
POST     queue/join                                                                       723     0(0.00%) |    197      38     632    160 |    0.00        0.00
GET      queue/status                                                                    6000     0(0.00%) |     72      26     287     72 |   32.60        0.00
--------|----------------------------------------------------------------------------|-------|-------------|-------|-------|-------|-------|--------|-----------
         Aggregated                                                                      7124     0(0.00%) |     89      26     632     74 |   41.50        0.00

Type     Name                                                                          # reqs      # fails |    Avg     Min     Max    Med |   req/s  failures/s
--------|----------------------------------------------------------------------------|-------|-------------|-------|-------|-------|-------|--------|-----------
POST     booking/book                                                                     401     0(0.00%) |    157      45     323    110 |    8.90        0.00
POST     queue/join                                                                       723     0(0.00%) |    197      38     632    160 |    0.00        0.00
GET      queue/status                                                                    6000     0(0.00%) |     72      26     287     72 |   32.60        0.00
--------|----------------------------------------------------------------------------|-------|-------------|-------|-------|-------|-------|--------|-----------
         Aggregated                                                                      7124     0(0.00%) |     89      26     632     74 |   41.50        0.00

Type     Name                                                                          # reqs      # fails |    Avg     Min     Max    Med |   req/s  failures/s
--------|----------------------------------------------------------------------------|-------|-------------|-------|-------|-------|-------|--------|-----------
POST     booking/book                                                                     401     0(0.00%) |    157      45     323    110 |    8.90        0.00
POST     queue/join                                                                       723     0(0.00%) |    197      38     632    160 |    0.00        0.00
GET      queue/status                                                                    6000     0(0.00%) |     72      26     287     72 |   32.60        0.00
--------|----------------------------------------------------------------------------|-------|-------------|-------|-------|-------|-------|--------|-----------
         Aggregated                                                                      7124     0(0.00%) |     89      26     632     74 |   41.50        0.00

Type     Name                                                                          # reqs      # fails |    Avg     Min     Max    Med |   req/s  failures/s
--------|----------------------------------------------------------------------------|-------|-------------|-------|-------|-------|-------|--------|-----------
POST     booking/book                                                                     401     0(0.00%) |    157      45     323    110 |    8.90        0.00
POST     queue/join                                                                       723     0(0.00%) |    197      38     632    160 |    0.00        0.00
GET      queue/status                                                                    6000     0(0.00%) |     72      26     287     72 |   32.60        0.00
--------|----------------------------------------------------------------------------|-------|-------------|-------|-------|-------|-------|--------|-----------
         Aggregated                                                                      7124     0(0.00%) |     89      26     632     74 |   41.50        0.00

Type     Name                                                                          # reqs      # fails |    Avg     Min     Max    Med |   req/s  failures/s
--------|----------------------------------------------------------------------------|-------|-------------|-------|-------|-------|-------|--------|-----------
POST     booking/book                                                                     401     0(0.00%) |    157      45     323    110 |    8.90        0.00
POST     queue/join                                                                       723     0(0.00%) |    197      38     632    160 |    0.00        0.00
GET      queue/status                                                                    6000     0(0.00%) |     72      26     287     72 |   32.60        0.00
--------|----------------------------------------------------------------------------|-------|-------------|-------|-------|-------|-------|--------|-----------
         Aggregated                                                                      7124     0(0.00%) |     89      26     632     74 |   41.50        0.00

Type     Name                                                                          # reqs      # fails |    Avg     Min     Max    Med |   req/s  failures/s
--------|----------------------------------------------------------------------------|-------|-------------|-------|-------|-------|-------|--------|-----------
POST     booking/book                                                                     401     0(0.00%) |    157      45     323    110 |    8.90        0.00
POST     queue/join                                                                       723     0(0.00%) |    197      38     632    160 |    0.00        0.00
GET      queue/status                                                                    6000     0(0.00%) |     72      26     287     72 |   32.60        0.00
--------|----------------------------------------------------------------------------|-------|-------------|-------|-------|-------|-------|--------|-----------
         Aggregated                                                                      7124     0(0.00%) |     89      26     632     74 |   41.50        0.00

Type     Name                                                                          # reqs      # fails |    Avg     Min     Max    Med |   req/s  failures/s
--------|----------------------------------------------------------------------------|-------|-------------|-------|-------|-------|-------|--------|-----------
POST     booking/book                                                                     401     0(0.00%) |    157      45     323    110 |    8.90        0.00
POST     queue/join                                                                       723     0(0.00%) |    197      38     632    160 |    0.00        0.00
GET      queue/status                                                                    6000     0(0.00%) |     72      26     287     72 |   32.60        0.00
--------|----------------------------------------------------------------------------|-------|-------------|-------|-------|-------|-------|--------|-----------
         Aggregated                                                                      7124     0(0.00%) |     89      26     632     74 |   41.50        0.00

Type     Name                                                                          # reqs      # fails |    Avg     Min     Max    Med |   req/s  failures/s
--------|----------------------------------------------------------------------------|-------|-------------|-------|-------|-------|-------|--------|-----------
POST     booking/book                                                                     401     0(0.00%) |    157      45     323    110 |    8.90        0.00
POST     queue/join                                                                       723     0(0.00%) |    197      38     632    160 |    0.00        0.00
GET      queue/status                                                                    6000     0(0.00%) |     72      26     287     72 |   32.60        0.00
--------|----------------------------------------------------------------------------|-------|-------------|-------|-------|-------|-------|--------|-----------
         Aggregated                                                                      7124     0(0.00%) |     89      26     632     74 |   41.50        0.00

Type     Name                                                                          # reqs      # fails |    Avg     Min     Max    Med |   req/s  failures/s
--------|----------------------------------------------------------------------------|-------|-------------|-------|-------|-------|-------|--------|-----------
POST     booking/book                                                                     401     0(0.00%) |    157      45     323    110 |    8.90        0.00
POST     queue/join                                                                       723     0(0.00%) |    197      38     632    160 |    0.00        0.00
GET      queue/status                                                                    6000     0(0.00%) |     72      26     287     72 |   32.60        0.00
--------|----------------------------------------------------------------------------|-------|-------------|-------|-------|-------|-------|--------|-----------
         Aggregated                                                                      7124     0(0.00%) |     89      26     632     74 |   41.50        0.00

Type     Name                                                                          # reqs      # fails |    Avg     Min     Max    Med |   req/s  failures/s
--------|----------------------------------------------------------------------------|-------|-------------|-------|-------|-------|-------|--------|-----------
POST     booking/book                                                                     401     0(0.00%) |    157      45     323    110 |    8.90        0.00
POST     queue/join                                                                       723     0(0.00%) |    197      38     632    160 |    0.00        0.00
GET      queue/status                                                                    6000     0(0.00%) |     72      26     287     72 |   32.60        0.00
--------|----------------------------------------------------------------------------|-------|-------------|-------|-------|-------|-------|--------|-----------
         Aggregated                                                                      7124     0(0.00%) |     89      26     632     74 |   41.50        0.00

Type     Name                                                                          # reqs      # fails |    Avg     Min     Max    Med |   req/s  failures/s
--------|----------------------------------------------------------------------------|-------|-------------|-------|-------|-------|-------|--------|-----------
POST     booking/book                                                                     401     0(0.00%) |    157      45     323    110 |    8.90        0.00
POST     queue/join                                                                       723     0(0.00%) |    197      38     632    160 |    0.00        0.00
GET      queue/status                                                                    6000     0(0.00%) |     72      26     287     72 |   32.60        0.00
--------|----------------------------------------------------------------------------|-------|-------------|-------|-------|-------|-------|--------|-----------
         Aggregated                                                                      7124     0(0.00%) |     89      26     632     74 |   41.50        0.00

Type     Name                                                                          # reqs      # fails |    Avg     Min     Max    Med |   req/s  failures/s
--------|----------------------------------------------------------------------------|-------|-------------|-------|-------|-------|-------|--------|-----------
POST     booking/book                                                                     401     0(0.00%) |    157      45     323    110 |    8.90        0.00
POST     queue/join                                                                       723     0(0.00%) |    197      38     632    160 |    0.00        0.00
GET      queue/status                                                                    6000     0(0.00%) |     72      26     287     72 |   32.60        0.00
--------|----------------------------------------------------------------------------|-------|-------------|-------|-------|-------|-------|--------|-----------
         Aggregated                                                                      7124     0(0.00%) |     89      26     632     74 |   41.50        0.00

Type     Name                                                                          # reqs      # fails |    Avg     Min     Max    Med |   req/s  failures/s
--------|----------------------------------------------------------------------------|-------|-------------|-------|-------|-------|-------|--------|-----------
POST     booking/book                                                                     401     0(0.00%) |    157      45     323    110 |    8.90        0.00
POST     queue/join                                                                       723     0(0.00%) |    197      38     632    160 |    0.00        0.00
GET      queue/status                                                                    6000     0(0.00%) |     72      26     287     72 |   32.60        0.00
--------|----------------------------------------------------------------------------|-------|-------------|-------|-------|-------|-------|--------|-----------
         Aggregated                                                                      7124     0(0.00%) |     89      26     632     74 |   41.50        0.00

Type     Name                                                                          # reqs      # fails |    Avg     Min     Max    Med |   req/s  failures/s
--------|----------------------------------------------------------------------------|-------|-------------|-------|-------|-------|-------|--------|-----------
POST     booking/book                                                                     401     0(0.00%) |    157      45     323    110 |    8.90        0.00
POST     queue/join                                                                       723     0(0.00%) |    197      38     632    160 |    0.00        0.00
GET      queue/status                                                                    6000     0(0.00%) |     72      26     287     72 |   32.60        0.00
--------|----------------------------------------------------------------------------|-------|-------------|-------|-------|-------|-------|--------|-----------
         Aggregated                                                                      7124     0(0.00%) |     89      26     632     74 |   41.50        0.00

Type     Name                                                                          # reqs      # fails |    Avg     Min     Max    Med |   req/s  failures/s
--------|----------------------------------------------------------------------------|-------|-------------|-------|-------|-------|-------|--------|-----------
POST     booking/book                                                                     401     0(0.00%) |    157      45     323    110 |    8.90        0.00
POST     queue/join                                                                       723     0(0.00%) |    197      38     632    160 |    0.00        0.00
GET      queue/status                                                                    6000     0(0.00%) |     72      26     287     72 |   32.60        0.00
--------|----------------------------------------------------------------------------|-------|-------------|-------|-------|-------|-------|--------|-----------
         Aggregated                                                                      7124     0(0.00%) |     89      26     632     74 |   41.50        0.00

Type     Name                                                                          # reqs      # fails |    Avg     Min     Max    Med |   req/s  failures/s
--------|----------------------------------------------------------------------------|-------|-------------|-------|-------|-------|-------|--------|-----------
POST     booking/book                                                                     401     0(0.00%) |    157      45     323    110 |    8.90        0.00
POST     queue/join                                                                       723     0(0.00%) |    197      38     632    160 |    0.00        0.00
GET      queue/status                                                                    6000     0(0.00%) |     72      26     287     72 |   32.60        0.00
--------|----------------------------------------------------------------------------|-------|-------------|-------|-------|-------|-------|--------|-----------
         Aggregated                                                                      7124     0(0.00%) |     89      26     632     74 |   41.50        0.00

Type     Name                                                                          # reqs      # fails |    Avg     Min     Max    Med |   req/s  failures/s
--------|----------------------------------------------------------------------------|-------|-------------|-------|-------|-------|-------|--------|-----------
POST     booking/book                                                                     401     0(0.00%) |    157      45     323    110 |    8.90        0.00
POST     queue/join                                                                       723     0(0.00%) |    197      38     632    160 |    0.00        0.00
GET      queue/status                                                                    6000     0(0.00%) |     72      26     287     72 |   32.60        0.00
--------|----------------------------------------------------------------------------|-------|-------------|-------|-------|-------|-------|--------|-----------
         Aggregated                                                                      7124     0(0.00%) |     89      26     632     74 |   41.50        0.00

Type     Name                                                                          # reqs      # fails |    Avg     Min     Max    Med |   req/s  failures/s
--------|----------------------------------------------------------------------------|-------|-------------|-------|-------|-------|-------|--------|-----------
POST     booking/book                                                                     401     0(0.00%) |    157      45     323    110 |    8.90        0.00
POST     queue/join                                                                       723     0(0.00%) |    197      38     632    160 |    0.00        0.00
GET      queue/status                                                                    6000     0(0.00%) |     72      26     287     72 |   32.60        0.00
--------|----------------------------------------------------------------------------|-------|-------------|-------|-------|-------|-------|--------|-----------
         Aggregated                                                                      7124     0(0.00%) |     89      26     632     74 |   41.50        0.00

Type     Name                                                                          # reqs      # fails |    Avg     Min     Max    Med |   req/s  failures/s
--------|----------------------------------------------------------------------------|-------|-------------|-------|-------|-------|-------|--------|-----------
POST     booking/book                                                                     401     0(0.00%) |    157      45     323    110 |    8.90        0.00
POST     queue/join                                                                       723     0(0.00%) |    197      38     632    160 |    0.00        0.00
GET      queue/status                                                                    6000     0(0.00%) |     72      26     287     72 |   32.60        0.00
--------|----------------------------------------------------------------------------|-------|-------------|-------|-------|-------|-------|--------|-----------
         Aggregated                                                                      7124     0(0.00%) |     89      26     632     74 |   41.50        0.00

Type     Name                                                                          # reqs      # fails |    Avg     Min     Max    Med |   req/s  failures/s
--------|----------------------------------------------------------------------------|-------|-------------|-------|-------|-------|-------|--------|-----------
POST     booking/book                                                                     401     0(0.00%) |    157      45     323    110 |    8.90        0.00
POST     queue/join                                                                       723     0(0.00%) |    197      38     632    160 |    0.00        0.00
GET      queue/status                                                                    6000     0(0.00%) |     72      26     287     72 |   32.60        0.00
--------|----------------------------------------------------------------------------|-------|-------------|-------|-------|-------|-------|--------|-----------
         Aggregated                                                                      7124     0(0.00%) |     89      26     632     74 |   41.50        0.00

Type     Name                                                                          # reqs      # fails |    Avg     Min     Max    Med |   req/s  failures/s
--------|----------------------------------------------------------------------------|-------|-------------|-------|-------|-------|-------|--------|-----------
POST     booking/book                                                                     401     0(0.00%) |    157      45     323    110 |    8.90        0.00
POST     queue/join                                                                       723     0(0.00%) |    197      38     632    160 |    0.00        0.00
GET      queue/status                                                                    6000     0(0.00%) |     72      26     287     72 |   32.60        0.00
--------|----------------------------------------------------------------------------|-------|-------------|-------|-------|-------|-------|--------|-----------
         Aggregated                                                                      7124     0(0.00%) |     89      26     632     74 |   41.50        0.00

Type     Name                                                                          # reqs      # fails |    Avg     Min     Max    Med |   req/s  failures/s
--------|----------------------------------------------------------------------------|-------|-------------|-------|-------|-------|-------|--------|-----------
POST     booking/book                                                                     401     0(0.00%) |    157      45     323    110 |    8.90        0.00
POST     queue/join                                                                       723     0(0.00%) |    197      38     632    160 |    0.00        0.00
GET      queue/status                                                                    6000     0(0.00%) |     72      26     287     72 |   32.60        0.00
--------|----------------------------------------------------------------------------|-------|-------------|-------|-------|-------|-------|--------|-----------
         Aggregated                                                                      7124     0(0.00%) |     89      26     632     74 |   41.50        0.00

Type     Name                                                                          # reqs      # fails |    Avg     Min     Max    Med |   req/s  failures/s
--------|----------------------------------------------------------------------------|-------|-------------|-------|-------|-------|-------|--------|-----------
POST     booking/book                                                                     401     0(0.00%) |    157      45     323    110 |    8.90        0.00
POST     queue/join                                                                       723     0(0.00%) |    197      38     632    160 |    0.00        0.00
GET      queue/status                                                                    6000     0(0.00%) |     72      26     287     72 |   32.60        0.00
--------|----------------------------------------------------------------------------|-------|-------------|-------|-------|-------|-------|--------|-----------
         Aggregated                                                                      7124     0(0.00%) |     89      26     632     74 |   41.50        0.00

Type     Name                                                                          # reqs      # fails |    Avg     Min     Max    Med |   req/s  failures/s
--------|----------------------------------------------------------------------------|-------|-------------|-------|-------|-------|-------|--------|-----------
POST     booking/book                                                                     401     0(0.00%) |    157      45     323    110 |    8.90        0.00
POST     queue/join                                                                       723     0(0.00%) |    197      38     632    160 |    0.00        0.00
GET      queue/status                                                                    6000     0(0.00%) |     72      26     287     72 |   32.60        0.00
--------|----------------------------------------------------------------------------|-------|-------------|-------|-------|-------|-------|--------|-----------
         Aggregated                                                                      7124     0(0.00%) |     89      26     632     74 |   41.50        0.00

Type     Name                                                                          # reqs      # fails |    Avg     Min     Max    Med |   req/s  failures/s
--------|----------------------------------------------------------------------------|-------|-------------|-------|-------|-------|-------|--------|-----------
POST     booking/book                                                                     401     0(0.00%) |    157      45     323    110 |    8.90        0.00
POST     queue/join                                                                       723     0(0.00%) |    197      38     632    160 |    0.00        0.00
GET      queue/status                                                                    6000     0(0.00%) |     72      26     287     72 |   32.60        0.00
--------|----------------------------------------------------------------------------|-------|-------------|-------|-------|-------|-------|--------|-----------
         Aggregated                                                                      7124     0(0.00%) |     89      26     632     74 |   41.50        0.00

Type     Name                                                                          # reqs      # fails |    Avg     Min     Max    Med |   req/s  failures/s
--------|----------------------------------------------------------------------------|-------|-------------|-------|-------|-------|-------|--------|-----------
POST     booking/book                                                                     401     0(0.00%) |    157      45     323    110 |    6.89        0.00
POST     queue/join                                                                       723     0(0.00%) |    197      38     632    160 |   12.42        0.00
GET      queue/status                                                                    6000     0(0.00%) |     72      26     287     72 |  103.11        0.00
--------|----------------------------------------------------------------------------|-------|-------------|-------|-------|-------|-------|--------|-----------
         Aggregated                                                                      7124     0(0.00%) |     89      26     632     74 |  122.42        0.00

Response time percentiles (approximated)
Type     Name                                                                                  50%    66%    75%    80%    90%    95%    98%    99%  99.9% 99.99%   100% # reqs
--------|--------------------------------------------------------------------------------|--------|------|------|------|------|------|------|------|------|------|------|------
POST     booking/book                                                                          110    200    280    280    290    300    310    310    320    320    320    401
POST     queue/join                                                                            160    180    210    380    420    470    490    620    630    630    630    723
GET      queue/status                                                                           72     80     84     87     95    100    130    220    270    290    290   6000
--------|--------------------------------------------------------------------------------|--------|------|------|------|------|------|------|------|------|------|------|------
         Aggregated                                                                             74     83     89     94    150    220    380    420    620    630    630   7124


[Experiment 5] fairness_mode=allow_multiple  greedy_joins_per_user=3
  ─────────────────────────────────────────────────────
  Greedy users  — booked:   161  timeout:     0
  Fair users    — booked:   240  timeout:     0
  ─────────────────────────────────────────────────────
  Total greedy join attempts : 483
  Collapsed (deduped by IP)  : 0
  Greedy success rate: 100.0%
  Fair   success rate: 100.0%
  Fairness ratio (greedy/fair success rate): 1.00x
  (1.0 = fair; >1.0 = greedy users have an advantage)
