Type     Name                                                                          # reqs      # fails |    Avg     Min     Max    Med |   req/s  failures/s
--------|----------------------------------------------------------------------------|-------|-------------|-------|-------|-------|-------|--------|-----------
--------|----------------------------------------------------------------------------|-------|-------------|-------|-------|-------|-------|--------|-----------
         Aggregated                                                                         0     0(0.00%) |      0       0       0      0 |    0.00        0.00

[2026-04-16 17:15:09,568] Bhargavs-MacBook-Pro/WARNING/locust.runners: Your selected spawn rate is very high (>100), and this is known to sometimes cause issues. Do you really need to ramp up that fast?
Type     Name                                                                          # reqs      # fails |    Avg     Min     Max    Med |   req/s  failures/s
--------|----------------------------------------------------------------------------|-------|-------------|-------|-------|-------|-------|--------|-----------
POST     booking/book                                                                       1     0(0.00%) |     59      59      59     59 |    0.00        0.00
POST     queue/join                                                                       721     0(0.00%) |    173      37     341    230 |    0.00        0.00
GET      queue/status                                                                     401     0(0.00%) |     57      25     132     49 |    0.00        0.00
--------|----------------------------------------------------------------------------|-------|-------------|-------|-------|-------|-------|--------|-----------
         Aggregated                                                                      1123     0(0.00%) |    131      25     341     91 |    0.00        0.00

Type     Name                                                                          # reqs      # fails |    Avg     Min     Max    Med |   req/s  failures/s
--------|----------------------------------------------------------------------------|-------|-------------|-------|-------|-------|-------|--------|-----------
POST     booking/book                                                                      22     0(0.00%) |    381      59     455    450 |    0.50        0.00
POST     queue/join                                                                       721     0(0.00%) |    173      37     341    230 |  325.00        0.00
GET      queue/status                                                                     801     0(0.00%) |     53      25     132     48 |  160.50        0.00
--------|----------------------------------------------------------------------------|-------|-------------|-------|-------|-------|-------|--------|-----------
         Aggregated                                                                      1544     0(0.00%) |    114      25     455     60 |  486.00        0.00

Type     Name                                                                          # reqs      # fails |    Avg     Min     Max    Med |   req/s  failures/s
--------|----------------------------------------------------------------------------|-------|-------------|-------|-------|-------|-------|--------|-----------
POST     booking/book                                                                      42     0(0.00%) |    290      59     455    240 |    5.50        0.00
POST     queue/join                                                                       721     0(0.00%) |    173      37     341    230 |  180.25        0.00
GET      queue/status                                                                    1180     0(0.00%) |     52      25     132     48 |  154.50        0.00
--------|----------------------------------------------------------------------------|-------|-------------|-------|-------|-------|-------|--------|-----------
         Aggregated                                                                      1943     0(0.00%) |    102      25     455     58 |  340.25        0.00

Type     Name                                                                          # reqs      # fails |    Avg     Min     Max    Med |   req/s  failures/s
--------|----------------------------------------------------------------------------|-------|-------------|-------|-------|-------|-------|--------|-----------
POST     booking/book                                                                      63     0(0.00%) |    292      59     455    300 |    7.00        0.00
POST     queue/join                                                                       721     0(0.00%) |    173      37     341    230 |  120.17        0.00
GET      queue/status                                                                    1539     0(0.00%) |     51      25     132     48 |  163.17        0.00
--------|----------------------------------------------------------------------------|-------|-------------|-------|-------|-------|-------|--------|-----------
         Aggregated                                                                      2323     0(0.00%) |     95      25     455     57 |  290.33        0.00

Type     Name                                                                          # reqs      # fails |    Avg     Min     Max    Med |   req/s  failures/s
--------|----------------------------------------------------------------------------|-------|-------------|-------|-------|-------|-------|--------|-----------
POST     booking/book                                                                      84     0(0.00%) |    295      59     455    310 |    7.88        0.00
POST     queue/join                                                                       721     0(0.00%) |    173      37     341    230 |   90.12        0.00
GET      queue/status                                                                    1877     0(0.00%) |     52      25     132     49 |  167.25        0.00
--------|----------------------------------------------------------------------------|-------|-------------|-------|-------|-------|-------|--------|-----------
         Aggregated                                                                      2682     0(0.00%) |     92      25     455     56 |  265.25        0.00

Type     Name                                                                          # reqs      # fails |    Avg     Min     Max    Med |   req/s  failures/s
--------|----------------------------------------------------------------------------|-------|-------------|-------|-------|-------|-------|--------|-----------
POST     booking/book                                                                     105     0(0.00%) |    290      59     455    280 |    8.40        0.00
POST     queue/join                                                                       721     0(0.00%) |    173      37     341    230 |   72.10        0.00
GET      queue/status                                                                    2194     0(0.00%) |     55      25     132     51 |  167.60        0.00
--------|----------------------------------------------------------------------------|-------|-------------|-------|-------|-------|-------|--------|-----------
         Aggregated                                                                      3020     0(0.00%) |     91      25     455     58 |  248.10        0.00

Type     Name                                                                          # reqs      # fails |    Avg     Min     Max    Med |   req/s  failures/s
--------|----------------------------------------------------------------------------|-------|-------------|-------|-------|-------|-------|--------|-----------
POST     booking/book                                                                     125     0(0.00%) |    265      59     455    260 |   10.40        0.00
POST     queue/join                                                                       721     0(0.00%) |    173      37     341    230 |    7.10        0.00
GET      queue/status                                                                    2490     0(0.00%) |     56      25     132     53 |  167.20        0.00
--------|----------------------------------------------------------------------------|-------|-------------|-------|-------|-------|-------|--------|-----------
         Aggregated                                                                      3336     0(0.00%) |     89      25     455     59 |  184.70        0.00

Type     Name                                                                          # reqs      # fails |    Avg     Min     Max    Med |   req/s  failures/s
--------|----------------------------------------------------------------------------|-------|-------------|-------|-------|-------|-------|--------|-----------
POST     booking/book                                                                     146     0(0.00%) |    263      59     455    260 |   10.30        0.00
POST     queue/join                                                                       721     0(0.00%) |    173      37     341    230 |    0.00        0.00
GET      queue/status                                                                    2766     0(0.00%) |     57      25     132     55 |  167.10        0.00
--------|----------------------------------------------------------------------------|-------|-------------|-------|-------|-------|-------|--------|-----------
         Aggregated                                                                      3633     0(0.00%) |     88      25     455     59 |  177.40        0.00

Type     Name                                                                          # reqs      # fails |    Avg     Min     Max    Med |   req/s  failures/s
--------|----------------------------------------------------------------------------|-------|-------------|-------|-------|-------|-------|--------|-----------
POST     booking/book                                                                     167     0(0.00%) |    258      59     455    260 |   10.40        0.00
POST     queue/join                                                                       721     0(0.00%) |    173      37     341    230 |    0.00        0.00
GET      queue/status                                                                    2881     0(0.00%) |     58      25     132     56 |  158.60        0.00
--------|----------------------------------------------------------------------------|-------|-------------|-------|-------|-------|-------|--------|-----------
         Aggregated                                                                      3769     0(0.00%) |     89      25     455     60 |  169.00        0.00

Type     Name                                                                          # reqs      # fails |    Avg     Min     Max    Med |   req/s  failures/s
--------|----------------------------------------------------------------------------|-------|-------------|-------|-------|-------|-------|--------|-----------
POST     booking/book                                                                     188     0(0.00%) |    267      59     455    270 |   10.40        0.00
POST     queue/join                                                                       721     0(0.00%) |    173      37     341    230 |    0.00        0.00
GET      queue/status                                                                    3054     0(0.00%) |     60      25     148     57 |  148.20        0.00
--------|----------------------------------------------------------------------------|-------|-------------|-------|-------|-------|-------|--------|-----------
         Aggregated                                                                      3963     0(0.00%) |     90      25     455     61 |  158.60        0.00

Type     Name                                                                          # reqs      # fails |    Avg     Min     Max    Med |   req/s  failures/s
--------|----------------------------------------------------------------------------|-------|-------------|-------|-------|-------|-------|--------|-----------
POST     booking/book                                                                     200     0(0.00%) |    256      59     455    260 |   10.40        0.00
POST     queue/join                                                                       721     0(0.00%) |    173      37     341    230 |    0.00        0.00
GET      queue/status                                                                    3267     0(0.00%) |     60      25     148     57 |  148.20        0.00
--------|----------------------------------------------------------------------------|-------|-------------|-------|-------|-------|-------|--------|-----------
         Aggregated                                                                      4188     0(0.00%) |     89      25     455     61 |  158.60        0.00

Type     Name                                                                          # reqs      # fails |    Avg     Min     Max    Med |   req/s  failures/s
--------|----------------------------------------------------------------------------|-------|-------------|-------|-------|-------|-------|--------|-----------
POST     booking/book                                                                     219     0(0.00%) |    256      59     455    270 |   10.40        0.00
POST     queue/join                                                                       721     0(0.00%) |    173      37     341    230 |    0.00        0.00
GET      queue/status                                                                    3468     0(0.00%) |     61      25     148     59 |  137.80        0.00
--------|----------------------------------------------------------------------------|-------|-------------|-------|-------|-------|-------|--------|-----------
         Aggregated                                                                      4408     0(0.00%) |     89      25     455     62 |  148.20        0.00

Type     Name                                                                          # reqs      # fails |    Avg     Min     Max    Med |   req/s  failures/s
--------|----------------------------------------------------------------------------|-------|-------------|-------|-------|-------|-------|--------|-----------
POST     booking/book                                                                     240     0(0.00%) |    258      59     455    270 |    9.90        0.00
POST     queue/join                                                                       721     0(0.00%) |    173      37     341    230 |    0.00        0.00
GET      queue/status                                                                    3650     0(0.00%) |     62      25     148     60 |  127.40        0.00
--------|----------------------------------------------------------------------------|-------|-------------|-------|-------|-------|-------|--------|-----------
         Aggregated                                                                      4611     0(0.00%) |     89      25     455     64 |  137.30        0.00

Type     Name                                                                          # reqs      # fails |    Avg     Min     Max    Med |   req/s  failures/s
--------|----------------------------------------------------------------------------|-------|-------------|-------|-------|-------|-------|--------|-----------
POST     booking/book                                                                     261     0(0.00%) |    263      59     483    270 |    9.40        0.00
POST     queue/join                                                                       721     0(0.00%) |    173      37     341    230 |    0.00        0.00
GET      queue/status                                                                    3811     0(0.00%) |     62      25     148     60 |  116.00        0.00
--------|----------------------------------------------------------------------------|-------|-------------|-------|-------|-------|-------|--------|-----------
         Aggregated                                                                      4793     0(0.00%) |     89      25     483     63 |  125.40        0.00

Type     Name                                                                          # reqs      # fails |    Avg     Min     Max    Med |   req/s  failures/s
--------|----------------------------------------------------------------------------|-------|-------------|-------|-------|-------|-------|--------|-----------
POST     booking/book                                                                     282     0(0.00%) |    272      53     492    270 |    9.40        0.00
POST     queue/join                                                                       721     0(0.00%) |    173      37     341    230 |    0.00        0.00
GET      queue/status                                                                    3951     0(0.00%) |     62      25     148     61 |  104.50        0.00
--------|----------------------------------------------------------------------------|-------|-------------|-------|-------|-------|-------|--------|-----------
         Aggregated                                                                      4954     0(0.00%) |     90      25     492     64 |  113.90        0.00

Type     Name                                                                          # reqs      # fails |    Avg     Min     Max    Med |   req/s  failures/s
--------|----------------------------------------------------------------------------|-------|-------------|-------|-------|-------|-------|--------|-----------
POST     booking/book                                                                     303     0(0.00%) |    271      53     492    270 |    9.40        0.00
POST     queue/join                                                                       721     0(0.00%) |    173      37     341    230 |    0.00        0.00
GET      queue/status                                                                    4070     0(0.00%) |     63      25     148     61 |   79.00        0.00
--------|----------------------------------------------------------------------------|-------|-------------|-------|-------|-------|-------|--------|-----------
         Aggregated                                                                      5094     0(0.00%) |     91      25     492     64 |   88.40        0.00

Type     Name                                                                          # reqs      # fails |    Avg     Min     Max    Med |   req/s  failures/s
--------|----------------------------------------------------------------------------|-------|-------------|-------|-------|-------|-------|--------|-----------
POST     booking/book                                                                     324     0(0.00%) |    271      53     492    280 |    9.40        0.00
POST     queue/join                                                                       721     0(0.00%) |    173      37     341    230 |    0.00        0.00
GET      queue/status                                                                    4168     0(0.00%) |     63      25     148     61 |   69.60        0.00
--------|----------------------------------------------------------------------------|-------|-------------|-------|-------|-------|-------|--------|-----------
         Aggregated                                                                      5213     0(0.00%) |     91      25     492     65 |   79.00        0.00

Type     Name                                                                          # reqs      # fails |    Avg     Min     Max    Med |   req/s  failures/s
--------|----------------------------------------------------------------------------|-------|-------------|-------|-------|-------|-------|--------|-----------
POST     booking/book                                                                     345     0(0.00%) |    286      53     534    300 |    9.90        0.00
POST     queue/join                                                                       721     0(0.00%) |    173      37     341    230 |    0.00        0.00
GET      queue/status                                                                    4245     0(0.00%) |     63      25     148     61 |   60.20        0.00
--------|----------------------------------------------------------------------------|-------|-------------|-------|-------|-------|-------|--------|-----------
         Aggregated                                                                      5311     0(0.00%) |     92      25     534     65 |   70.10        0.00

Type     Name                                                                          # reqs      # fails |    Avg     Min     Max    Med |   req/s  failures/s
--------|----------------------------------------------------------------------------|-------|-------------|-------|-------|-------|-------|--------|-----------
POST     booking/book                                                                     365     0(0.00%) |    289      53     534    310 |   10.50        0.00
POST     queue/join                                                                       721     0(0.00%) |    173      37     341    230 |    0.00        0.00
GET      queue/status                                                                    4301     0(0.00%) |     63      25     148     62 |   51.80        0.00
--------|----------------------------------------------------------------------------|-------|-------------|-------|-------|-------|-------|--------|-----------
         Aggregated                                                                      5387     0(0.00%) |     93      25     534     66 |   62.30        0.00

Type     Name                                                                          # reqs      # fails |    Avg     Min     Max    Med |   req/s  failures/s
--------|----------------------------------------------------------------------------|-------|-------------|-------|-------|-------|-------|--------|-----------
POST     booking/book                                                                     386     0(0.00%) |    290      53     534    310 |   10.50        0.00
POST     queue/join                                                                       721     0(0.00%) |    173      37     341    230 |    0.00        0.00
GET      queue/status                                                                    4337     0(0.00%) |     63      25     148     62 |   43.40        0.00
--------|----------------------------------------------------------------------------|-------|-------------|-------|-------|-------|-------|--------|-----------
         Aggregated                                                                      5444     0(0.00%) |     94      25     534     66 |   53.90        0.00

Type     Name                                                                          # reqs      # fails |    Avg     Min     Max    Med |   req/s  failures/s
--------|----------------------------------------------------------------------------|-------|-------------|-------|-------|-------|-------|--------|-----------
POST     booking/book                                                                     401     0(0.00%) |    288      53     534    300 |   10.40        0.00
POST     queue/join                                                                       721     0(0.00%) |    173      37     341    230 |    0.00        0.00
GET      queue/status                                                                    4352     0(0.00%) |     64      25     148     62 |   49.00        0.00
--------|----------------------------------------------------------------------------|-------|-------------|-------|-------|-------|-------|--------|-----------
         Aggregated                                                                      5474     0(0.00%) |     94      25     534     66 |   59.40        0.00

Type     Name                                                                          # reqs      # fails |    Avg     Min     Max    Med |   req/s  failures/s
--------|----------------------------------------------------------------------------|-------|-------------|-------|-------|-------|-------|--------|-----------
POST     booking/book                                                                     401     0(0.00%) |    288      53     534    300 |   10.40        0.00
POST     queue/join                                                                       721     0(0.00%) |    173      37     341    230 |    0.00        0.00
GET      queue/status                                                                    4352     0(0.00%) |     64      25     148     62 |   49.00        0.00
--------|----------------------------------------------------------------------------|-------|-------------|-------|-------|-------|-------|--------|-----------
         Aggregated                                                                      5474     0(0.00%) |     94      25     534     66 |   59.40        0.00

Type     Name                                                                          # reqs      # fails |    Avg     Min     Max    Med |   req/s  failures/s
--------|----------------------------------------------------------------------------|-------|-------------|-------|-------|-------|-------|--------|-----------
POST     booking/book                                                                     401     0(0.00%) |    288      53     534    300 |   10.40        0.00
POST     queue/join                                                                       721     0(0.00%) |    173      37     341    230 |    0.00        0.00
GET      queue/status                                                                    4352     0(0.00%) |     64      25     148     62 |   49.00        0.00
--------|----------------------------------------------------------------------------|-------|-------------|-------|-------|-------|-------|--------|-----------
         Aggregated                                                                      5474     0(0.00%) |     94      25     534     66 |   59.40        0.00

Type     Name                                                                          # reqs      # fails |    Avg     Min     Max    Med |   req/s  failures/s
--------|----------------------------------------------------------------------------|-------|-------------|-------|-------|-------|-------|--------|-----------
POST     booking/book                                                                     401     0(0.00%) |    288      53     534    300 |   10.40        0.00
POST     queue/join                                                                       721     0(0.00%) |    173      37     341    230 |    0.00        0.00
GET      queue/status                                                                    4352     0(0.00%) |     64      25     148     62 |   49.00        0.00
--------|----------------------------------------------------------------------------|-------|-------------|-------|-------|-------|-------|--------|-----------
         Aggregated                                                                      5474     0(0.00%) |     94      25     534     66 |   59.40        0.00

Type     Name                                                                          # reqs      # fails |    Avg     Min     Max    Med |   req/s  failures/s
--------|----------------------------------------------------------------------------|-------|-------------|-------|-------|-------|-------|--------|-----------
POST     booking/book                                                                     401     0(0.00%) |    288      53     534    300 |   10.40        0.00
POST     queue/join                                                                       721     0(0.00%) |    173      37     341    230 |    0.00        0.00
GET      queue/status                                                                    4352     0(0.00%) |     64      25     148     62 |   49.00        0.00
--------|----------------------------------------------------------------------------|-------|-------------|-------|-------|-------|-------|--------|-----------
         Aggregated                                                                      5474     0(0.00%) |     94      25     534     66 |   59.40        0.00

Type     Name                                                                          # reqs      # fails |    Avg     Min     Max    Med |   req/s  failures/s
--------|----------------------------------------------------------------------------|-------|-------------|-------|-------|-------|-------|--------|-----------
POST     booking/book                                                                     401     0(0.00%) |    288      53     534    300 |   10.40        0.00
POST     queue/join                                                                       721     0(0.00%) |    173      37     341    230 |    0.00        0.00
GET      queue/status                                                                    4352     0(0.00%) |     64      25     148     62 |   49.00        0.00
--------|----------------------------------------------------------------------------|-------|-------------|-------|-------|-------|-------|--------|-----------
         Aggregated                                                                      5474     0(0.00%) |     94      25     534     66 |   59.40        0.00

Type     Name                                                                          # reqs      # fails |    Avg     Min     Max    Med |   req/s  failures/s
--------|----------------------------------------------------------------------------|-------|-------------|-------|-------|-------|-------|--------|-----------
POST     booking/book                                                                     401     0(0.00%) |    288      53     534    300 |   10.40        0.00
POST     queue/join                                                                       721     0(0.00%) |    173      37     341    230 |    0.00        0.00
GET      queue/status                                                                    4352     0(0.00%) |     64      25     148     62 |   49.00        0.00
--------|----------------------------------------------------------------------------|-------|-------------|-------|-------|-------|-------|--------|-----------
         Aggregated                                                                      5474     0(0.00%) |     94      25     534     66 |   59.40        0.00

Type     Name                                                                          # reqs      # fails |    Avg     Min     Max    Med |   req/s  failures/s
--------|----------------------------------------------------------------------------|-------|-------------|-------|-------|-------|-------|--------|-----------
POST     booking/book                                                                     401     0(0.00%) |    288      53     534    300 |   10.40        0.00
POST     queue/join                                                                       721     0(0.00%) |    173      37     341    230 |    0.00        0.00
GET      queue/status                                                                    4352     0(0.00%) |     64      25     148     62 |   49.00        0.00
--------|----------------------------------------------------------------------------|-------|-------------|-------|-------|-------|-------|--------|-----------
         Aggregated                                                                      5474     0(0.00%) |     94      25     534     66 |   59.40        0.00

Type     Name                                                                          # reqs      # fails |    Avg     Min     Max    Med |   req/s  failures/s
--------|----------------------------------------------------------------------------|-------|-------------|-------|-------|-------|-------|--------|-----------
POST     booking/book                                                                     401     0(0.00%) |    288      53     534    300 |   10.40        0.00
POST     queue/join                                                                       721     0(0.00%) |    173      37     341    230 |    0.00        0.00
GET      queue/status                                                                    4352     0(0.00%) |     64      25     148     62 |   49.00        0.00
--------|----------------------------------------------------------------------------|-------|-------------|-------|-------|-------|-------|--------|-----------
         Aggregated                                                                      5474     0(0.00%) |     94      25     534     66 |   59.40        0.00

Type     Name                                                                          # reqs      # fails |    Avg     Min     Max    Med |   req/s  failures/s
--------|----------------------------------------------------------------------------|-------|-------------|-------|-------|-------|-------|--------|-----------
POST     booking/book                                                                     401     0(0.00%) |    288      53     534    300 |   10.40        0.00
POST     queue/join                                                                       721     0(0.00%) |    173      37     341    230 |    0.00        0.00
GET      queue/status                                                                    4352     0(0.00%) |     64      25     148     62 |   49.00        0.00
--------|----------------------------------------------------------------------------|-------|-------------|-------|-------|-------|-------|--------|-----------
         Aggregated                                                                      5474     0(0.00%) |     94      25     534     66 |   59.40        0.00

Type     Name                                                                          # reqs      # fails |    Avg     Min     Max    Med |   req/s  failures/s
--------|----------------------------------------------------------------------------|-------|-------------|-------|-------|-------|-------|--------|-----------
POST     booking/book                                                                     401     0(0.00%) |    288      53     534    300 |   10.40        0.00
POST     queue/join                                                                       721     0(0.00%) |    173      37     341    230 |    0.00        0.00
GET      queue/status                                                                    4352     0(0.00%) |     64      25     148     62 |   49.00        0.00
--------|----------------------------------------------------------------------------|-------|-------------|-------|-------|-------|-------|--------|-----------
         Aggregated                                                                      5474     0(0.00%) |     94      25     534     66 |   59.40        0.00

Type     Name                                                                          # reqs      # fails |    Avg     Min     Max    Med |   req/s  failures/s
--------|----------------------------------------------------------------------------|-------|-------------|-------|-------|-------|-------|--------|-----------
POST     booking/book                                                                     401     0(0.00%) |    288      53     534    300 |   10.40        0.00
POST     queue/join                                                                       721     0(0.00%) |    173      37     341    230 |    0.00        0.00
GET      queue/status                                                                    4352     0(0.00%) |     64      25     148     62 |   49.00        0.00
--------|----------------------------------------------------------------------------|-------|-------------|-------|-------|-------|-------|--------|-----------
         Aggregated                                                                      5474     0(0.00%) |     94      25     534     66 |   59.40        0.00

Type     Name                                                                          # reqs      # fails |    Avg     Min     Max    Med |   req/s  failures/s
--------|----------------------------------------------------------------------------|-------|-------------|-------|-------|-------|-------|--------|-----------
POST     booking/book                                                                     401     0(0.00%) |    288      53     534    300 |   10.40        0.00
POST     queue/join                                                                       721     0(0.00%) |    173      37     341    230 |    0.00        0.00
GET      queue/status                                                                    4352     0(0.00%) |     64      25     148     62 |   49.00        0.00
--------|----------------------------------------------------------------------------|-------|-------------|-------|-------|-------|-------|--------|-----------
         Aggregated                                                                      5474     0(0.00%) |     94      25     534     66 |   59.40        0.00

Type     Name                                                                          # reqs      # fails |    Avg     Min     Max    Med |   req/s  failures/s
--------|----------------------------------------------------------------------------|-------|-------------|-------|-------|-------|-------|--------|-----------
POST     booking/book                                                                     401     0(0.00%) |    288      53     534    300 |   10.40        0.00
POST     queue/join                                                                       721     0(0.00%) |    173      37     341    230 |    0.00        0.00
GET      queue/status                                                                    4352     0(0.00%) |     64      25     148     62 |   49.00        0.00
--------|----------------------------------------------------------------------------|-------|-------------|-------|-------|-------|-------|--------|-----------
         Aggregated                                                                      5474     0(0.00%) |     94      25     534     66 |   59.40        0.00

Type     Name                                                                          # reqs      # fails |    Avg     Min     Max    Med |   req/s  failures/s
--------|----------------------------------------------------------------------------|-------|-------------|-------|-------|-------|-------|--------|-----------
POST     booking/book                                                                     401     0(0.00%) |    288      53     534    300 |   10.40        0.00
POST     queue/join                                                                       721     0(0.00%) |    173      37     341    230 |    0.00        0.00
GET      queue/status                                                                    4352     0(0.00%) |     64      25     148     62 |   49.00        0.00
--------|----------------------------------------------------------------------------|-------|-------------|-------|-------|-------|-------|--------|-----------
         Aggregated                                                                      5474     0(0.00%) |     94      25     534     66 |   59.40        0.00

Type     Name                                                                          # reqs      # fails |    Avg     Min     Max    Med |   req/s  failures/s
--------|----------------------------------------------------------------------------|-------|-------------|-------|-------|-------|-------|--------|-----------
POST     booking/book                                                                     401     0(0.00%) |    288      53     534    300 |   10.40        0.00
POST     queue/join                                                                       721     0(0.00%) |    173      37     341    230 |    0.00        0.00
GET      queue/status                                                                    4352     0(0.00%) |     64      25     148     62 |   49.00        0.00
--------|----------------------------------------------------------------------------|-------|-------------|-------|-------|-------|-------|--------|-----------
         Aggregated                                                                      5474     0(0.00%) |     94      25     534     66 |   59.40        0.00

Type     Name                                                                          # reqs      # fails |    Avg     Min     Max    Med |   req/s  failures/s
--------|----------------------------------------------------------------------------|-------|-------------|-------|-------|-------|-------|--------|-----------
POST     booking/book                                                                     401     0(0.00%) |    288      53     534    300 |   10.40        0.00
POST     queue/join                                                                       721     0(0.00%) |    173      37     341    230 |    0.00        0.00
GET      queue/status                                                                    4352     0(0.00%) |     64      25     148     62 |   49.00        0.00
--------|----------------------------------------------------------------------------|-------|-------------|-------|-------|-------|-------|--------|-----------
         Aggregated                                                                      5474     0(0.00%) |     94      25     534     66 |   59.40        0.00

Type     Name                                                                          # reqs      # fails |    Avg     Min     Max    Med |   req/s  failures/s
--------|----------------------------------------------------------------------------|-------|-------------|-------|-------|-------|-------|--------|-----------
POST     booking/book                                                                     401     0(0.00%) |    288      53     534    300 |   10.40        0.00
POST     queue/join                                                                       721     0(0.00%) |    173      37     341    230 |    0.00        0.00
GET      queue/status                                                                    4352     0(0.00%) |     64      25     148     62 |   49.00        0.00
--------|----------------------------------------------------------------------------|-------|-------------|-------|-------|-------|-------|--------|-----------
         Aggregated                                                                      5474     0(0.00%) |     94      25     534     66 |   59.40        0.00

Type     Name                                                                          # reqs      # fails |    Avg     Min     Max    Med |   req/s  failures/s
--------|----------------------------------------------------------------------------|-------|-------------|-------|-------|-------|-------|--------|-----------
POST     booking/book                                                                     401     0(0.00%) |    288      53     534    300 |   10.40        0.00
POST     queue/join                                                                       721     0(0.00%) |    173      37     341    230 |    0.00        0.00
GET      queue/status                                                                    4352     0(0.00%) |     64      25     148     62 |   49.00        0.00
--------|----------------------------------------------------------------------------|-------|-------------|-------|-------|-------|-------|--------|-----------
         Aggregated                                                                      5474     0(0.00%) |     94      25     534     66 |   59.40        0.00

Type     Name                                                                          # reqs      # fails |    Avg     Min     Max    Med |   req/s  failures/s
--------|----------------------------------------------------------------------------|-------|-------------|-------|-------|-------|-------|--------|-----------
POST     booking/book                                                                     401     0(0.00%) |    288      53     534    300 |   10.40        0.00
POST     queue/join                                                                       721     0(0.00%) |    173      37     341    230 |    0.00        0.00
GET      queue/status                                                                    4352     0(0.00%) |     64      25     148     62 |   49.00        0.00
--------|----------------------------------------------------------------------------|-------|-------------|-------|-------|-------|-------|--------|-----------
         Aggregated                                                                      5474     0(0.00%) |     94      25     534     66 |   59.40        0.00

Type     Name                                                                          # reqs      # fails |    Avg     Min     Max    Med |   req/s  failures/s
--------|----------------------------------------------------------------------------|-------|-------------|-------|-------|-------|-------|--------|-----------
POST     booking/book                                                                     401     0(0.00%) |    288      53     534    300 |   10.40        0.00
POST     queue/join                                                                       721     0(0.00%) |    173      37     341    230 |    0.00        0.00
GET      queue/status                                                                    4352     0(0.00%) |     64      25     148     62 |   49.00        0.00
--------|----------------------------------------------------------------------------|-------|-------------|-------|-------|-------|-------|--------|-----------
         Aggregated                                                                      5474     0(0.00%) |     94      25     534     66 |   59.40        0.00

Type     Name                                                                          # reqs      # fails |    Avg     Min     Max    Med |   req/s  failures/s
--------|----------------------------------------------------------------------------|-------|-------------|-------|-------|-------|-------|--------|-----------
POST     booking/book                                                                     401     0(0.00%) |    288      53     534    300 |   10.40        0.00
POST     queue/join                                                                       721     0(0.00%) |    173      37     341    230 |    0.00        0.00
GET      queue/status                                                                    4352     0(0.00%) |     64      25     148     62 |   49.00        0.00
--------|----------------------------------------------------------------------------|-------|-------------|-------|-------|-------|-------|--------|-----------
         Aggregated                                                                      5474     0(0.00%) |     94      25     534     66 |   59.40        0.00

Type     Name                                                                          # reqs      # fails |    Avg     Min     Max    Med |   req/s  failures/s
--------|----------------------------------------------------------------------------|-------|-------------|-------|-------|-------|-------|--------|-----------
POST     booking/book                                                                     401     0(0.00%) |    288      53     534    300 |   10.40        0.00
POST     queue/join                                                                       721     0(0.00%) |    173      37     341    230 |    0.00        0.00
GET      queue/status                                                                    4352     0(0.00%) |     64      25     148     62 |   49.00        0.00
--------|----------------------------------------------------------------------------|-------|-------------|-------|-------|-------|-------|--------|-----------
         Aggregated                                                                      5474     0(0.00%) |     94      25     534     66 |   59.40        0.00

Type     Name                                                                          # reqs      # fails |    Avg     Min     Max    Med |   req/s  failures/s
--------|----------------------------------------------------------------------------|-------|-------------|-------|-------|-------|-------|--------|-----------
POST     booking/book                                                                     401     0(0.00%) |    288      53     534    300 |   10.40        0.00
POST     queue/join                                                                       721     0(0.00%) |    173      37     341    230 |    0.00        0.00
GET      queue/status                                                                    4352     0(0.00%) |     64      25     148     62 |   49.00        0.00
--------|----------------------------------------------------------------------------|-------|-------------|-------|-------|-------|-------|--------|-----------
         Aggregated                                                                      5474     0(0.00%) |     94      25     534     66 |   59.40        0.00

Type     Name                                                                          # reqs      # fails |    Avg     Min     Max    Med |   req/s  failures/s
--------|----------------------------------------------------------------------------|-------|-------------|-------|-------|-------|-------|--------|-----------
POST     booking/book                                                                     401     0(0.00%) |    288      53     534    300 |   10.40        0.00
POST     queue/join                                                                       721     0(0.00%) |    173      37     341    230 |    0.00        0.00
GET      queue/status                                                                    4352     0(0.00%) |     64      25     148     62 |   49.00        0.00
--------|----------------------------------------------------------------------------|-------|-------------|-------|-------|-------|-------|--------|-----------
         Aggregated                                                                      5474     0(0.00%) |     94      25     534     66 |   59.40        0.00

Type     Name                                                                          # reqs      # fails |    Avg     Min     Max    Med |   req/s  failures/s
--------|----------------------------------------------------------------------------|-------|-------------|-------|-------|-------|-------|--------|-----------
POST     booking/book                                                                     401     0(0.00%) |    288      53     534    300 |   10.40        0.00
POST     queue/join                                                                       721     0(0.00%) |    173      37     341    230 |    0.00        0.00
GET      queue/status                                                                    4352     0(0.00%) |     64      25     148     62 |   49.00        0.00
--------|----------------------------------------------------------------------------|-------|-------------|-------|-------|-------|-------|--------|-----------
         Aggregated                                                                      5474     0(0.00%) |     94      25     534     66 |   59.40        0.00

Type     Name                                                                          # reqs      # fails |    Avg     Min     Max    Med |   req/s  failures/s
--------|----------------------------------------------------------------------------|-------|-------------|-------|-------|-------|-------|--------|-----------
POST     booking/book                                                                     401     0(0.00%) |    288      53     534    300 |   10.40        0.00
POST     queue/join                                                                       721     0(0.00%) |    173      37     341    230 |    0.00        0.00
GET      queue/status                                                                    4352     0(0.00%) |     64      25     148     62 |   49.00        0.00
--------|----------------------------------------------------------------------------|-------|-------------|-------|-------|-------|-------|--------|-----------
         Aggregated                                                                      5474     0(0.00%) |     94      25     534     66 |   59.40        0.00

Type     Name                                                                          # reqs      # fails |    Avg     Min     Max    Med |   req/s  failures/s
--------|----------------------------------------------------------------------------|-------|-------------|-------|-------|-------|-------|--------|-----------
POST     booking/book                                                                     401     0(0.00%) |    288      53     534    300 |   10.40        0.00
POST     queue/join                                                                       721     0(0.00%) |    173      37     341    230 |    0.00        0.00
GET      queue/status                                                                    4352     0(0.00%) |     64      25     148     62 |   49.00        0.00
--------|----------------------------------------------------------------------------|-------|-------------|-------|-------|-------|-------|--------|-----------
         Aggregated                                                                      5474     0(0.00%) |     94      25     534     66 |   59.40        0.00

Type     Name                                                                          # reqs      # fails |    Avg     Min     Max    Med |   req/s  failures/s
--------|----------------------------------------------------------------------------|-------|-------------|-------|-------|-------|-------|--------|-----------
POST     booking/book                                                                     401     0(0.00%) |    288      53     534    300 |   10.40        0.00
POST     queue/join                                                                       721     0(0.00%) |    173      37     341    230 |    0.00        0.00
GET      queue/status                                                                    4352     0(0.00%) |     64      25     148     62 |   49.00        0.00
--------|----------------------------------------------------------------------------|-------|-------------|-------|-------|-------|-------|--------|-----------
         Aggregated                                                                      5474     0(0.00%) |     94      25     534     66 |   59.40        0.00

Type     Name                                                                          # reqs      # fails |    Avg     Min     Max    Med |   req/s  failures/s
--------|----------------------------------------------------------------------------|-------|-------------|-------|-------|-------|-------|--------|-----------
POST     booking/book                                                                     401     0(0.00%) |    288      53     534    300 |   10.40        0.00
POST     queue/join                                                                       721     0(0.00%) |    173      37     341    230 |    0.00        0.00
GET      queue/status                                                                    4352     0(0.00%) |     64      25     148     62 |   49.00        0.00
--------|----------------------------------------------------------------------------|-------|-------------|-------|-------|-------|-------|--------|-----------
         Aggregated                                                                      5474     0(0.00%) |     94      25     534     66 |   59.40        0.00

Type     Name                                                                          # reqs      # fails |    Avg     Min     Max    Med |   req/s  failures/s
--------|----------------------------------------------------------------------------|-------|-------------|-------|-------|-------|-------|--------|-----------
POST     booking/book                                                                     401     0(0.00%) |    288      53     534    300 |   10.40        0.00
POST     queue/join                                                                       721     0(0.00%) |    173      37     341    230 |    0.00        0.00
GET      queue/status                                                                    4352     0(0.00%) |     64      25     148     62 |   49.00        0.00
--------|----------------------------------------------------------------------------|-------|-------------|-------|-------|-------|-------|--------|-----------
         Aggregated                                                                      5474     0(0.00%) |     94      25     534     66 |   59.40        0.00

Type     Name                                                                          # reqs      # fails |    Avg     Min     Max    Med |   req/s  failures/s
--------|----------------------------------------------------------------------------|-------|-------------|-------|-------|-------|-------|--------|-----------
POST     booking/book                                                                     401     0(0.00%) |    288      53     534    300 |   10.40        0.00
POST     queue/join                                                                       721     0(0.00%) |    173      37     341    230 |    0.00        0.00
GET      queue/status                                                                    4352     0(0.00%) |     64      25     148     62 |   49.00        0.00
--------|----------------------------------------------------------------------------|-------|-------------|-------|-------|-------|-------|--------|-----------
         Aggregated                                                                      5474     0(0.00%) |     94      25     534     66 |   59.40        0.00

Type     Name                                                                          # reqs      # fails |    Avg     Min     Max    Med |   req/s  failures/s
--------|----------------------------------------------------------------------------|-------|-------------|-------|-------|-------|-------|--------|-----------
POST     booking/book                                                                     401     0(0.00%) |    288      53     534    300 |   10.40        0.00
POST     queue/join                                                                       721     0(0.00%) |    173      37     341    230 |    0.00        0.00
GET      queue/status                                                                    4352     0(0.00%) |     64      25     148     62 |   49.00        0.00
--------|----------------------------------------------------------------------------|-------|-------------|-------|-------|-------|-------|--------|-----------
         Aggregated                                                                      5474     0(0.00%) |     94      25     534     66 |   59.40        0.00

Type     Name                                                                          # reqs      # fails |    Avg     Min     Max    Med |   req/s  failures/s
--------|----------------------------------------------------------------------------|-------|-------------|-------|-------|-------|-------|--------|-----------
POST     booking/book                                                                     401     0(0.00%) |    288      53     534    300 |   10.40        0.00
POST     queue/join                                                                       721     0(0.00%) |    173      37     341    230 |    0.00        0.00
GET      queue/status                                                                    4352     0(0.00%) |     64      25     148     62 |   49.00        0.00
--------|----------------------------------------------------------------------------|-------|-------------|-------|-------|-------|-------|--------|-----------
         Aggregated                                                                      5474     0(0.00%) |     94      25     534     66 |   59.40        0.00

Type     Name                                                                          # reqs      # fails |    Avg     Min     Max    Med |   req/s  failures/s
--------|----------------------------------------------------------------------------|-------|-------------|-------|-------|-------|-------|--------|-----------
POST     booking/book                                                                     401     0(0.00%) |    288      53     534    300 |   10.40        0.00
POST     queue/join                                                                       721     0(0.00%) |    173      37     341    230 |    0.00        0.00
GET      queue/status                                                                    4352     0(0.00%) |     64      25     148     62 |   49.00        0.00
--------|----------------------------------------------------------------------------|-------|-------------|-------|-------|-------|-------|--------|-----------
         Aggregated                                                                      5474     0(0.00%) |     94      25     534     66 |   59.40        0.00

Type     Name                                                                          # reqs      # fails |    Avg     Min     Max    Med |   req/s  failures/s
--------|----------------------------------------------------------------------------|-------|-------------|-------|-------|-------|-------|--------|-----------
POST     booking/book                                                                     401     0(0.00%) |    288      53     534    300 |   10.40        0.00
POST     queue/join                                                                       721     0(0.00%) |    173      37     341    230 |    0.00        0.00
GET      queue/status                                                                    4352     0(0.00%) |     64      25     148     62 |   49.00        0.00
--------|----------------------------------------------------------------------------|-------|-------------|-------|-------|-------|-------|--------|-----------
         Aggregated                                                                      5474     0(0.00%) |     94      25     534     66 |   59.40        0.00

Type     Name                                                                          # reqs      # fails |    Avg     Min     Max    Med |   req/s  failures/s
--------|----------------------------------------------------------------------------|-------|-------------|-------|-------|-------|-------|--------|-----------
POST     booking/book                                                                     401     0(0.00%) |    288      53     534    300 |   10.40        0.00
POST     queue/join                                                                       721     0(0.00%) |    173      37     341    230 |    0.00        0.00
GET      queue/status                                                                    4352     0(0.00%) |     64      25     148     62 |   49.00        0.00
--------|----------------------------------------------------------------------------|-------|-------------|-------|-------|-------|-------|--------|-----------
         Aggregated                                                                      5474     0(0.00%) |     94      25     534     66 |   59.40        0.00

Type     Name                                                                          # reqs      # fails |    Avg     Min     Max    Med |   req/s  failures/s
--------|----------------------------------------------------------------------------|-------|-------------|-------|-------|-------|-------|--------|-----------
POST     booking/book                                                                     401     0(0.00%) |    288      53     534    300 |   10.40        0.00
POST     queue/join                                                                       721     0(0.00%) |    173      37     341    230 |    0.00        0.00
GET      queue/status                                                                    4352     0(0.00%) |     64      25     148     62 |   49.00        0.00
--------|----------------------------------------------------------------------------|-------|-------------|-------|-------|-------|-------|--------|-----------
         Aggregated                                                                      5474     0(0.00%) |     94      25     534     66 |   59.40        0.00

Type     Name                                                                          # reqs      # fails |    Avg     Min     Max    Med |   req/s  failures/s
--------|----------------------------------------------------------------------------|-------|-------------|-------|-------|-------|-------|--------|-----------
POST     booking/book                                                                     401     0(0.00%) |    288      53     534    300 |   10.40        0.00
POST     queue/join                                                                       721     0(0.00%) |    173      37     341    230 |    0.00        0.00
GET      queue/status                                                                    4352     0(0.00%) |     64      25     148     62 |   49.00        0.00
--------|----------------------------------------------------------------------------|-------|-------------|-------|-------|-------|-------|--------|-----------
         Aggregated                                                                      5474     0(0.00%) |     94      25     534     66 |   59.40        0.00

Type     Name                                                                          # reqs      # fails |    Avg     Min     Max    Med |   req/s  failures/s
--------|----------------------------------------------------------------------------|-------|-------------|-------|-------|-------|-------|--------|-----------
POST     booking/book                                                                     401     0(0.00%) |    288      53     534    300 |    9.69        0.00
POST     queue/join                                                                       721     0(0.00%) |    173      37     341    230 |   17.43        0.00
GET      queue/status                                                                    4352     0(0.00%) |     64      25     148     62 |  105.21        0.00
--------|----------------------------------------------------------------------------|-------|-------------|-------|-------|-------|-------|--------|-----------
         Aggregated                                                                      5474     0(0.00%) |     94      25     534     66 |  132.33        0.00

Response time percentiles (approximated)
Type     Name                                                                                  50%    66%    75%    80%    90%    95%    98%    99%  99.9% 99.99%   100% # reqs
--------|--------------------------------------------------------------------------------|--------|------|------|------|------|------|------|------|------|------|------|------
POST     booking/book                                                                          300    330    350    360    450    490    530    530    530    530    530    401
POST     queue/join                                                                            230    240    250    260    270    280    280    290    340    340    340    721
GET      queue/status                                                                           62     70     77     81     89     98    110    120    140    150    150   4352
--------|--------------------------------------------------------------------------------|--------|------|------|------|------|------|------|------|------|------|------|------
         Aggregated                                                                             66     78     89     98    240    280    340    370    530    530    530   5474


[Experiment 5] fairness_mode=collapse  greedy_joins_per_user=3
  ─────────────────────────────────────────────────────
  Greedy users  — booked:   160  timeout:     0
  Fair users    — booked:   241  timeout:     0
  ─────────────────────────────────────────────────────
  Total greedy join attempts : 480
  Collapsed (deduped by IP)  : 160
  Greedy success rate: 100.0%
  Fair   success rate: 100.0%
  Fairness ratio (greedy/fair success rate): 1.00x
  (1.0 = fair; >1.0 = greedy users have an advantage)
