Type     Name                                                                          # reqs      # fails |    Avg     Min     Max    Med |   req/s  failures/s
--------|----------------------------------------------------------------------------|-------|-------------|-------|-------|-------|-------|--------|-----------
--------|----------------------------------------------------------------------------|-------|-------------|-------|-------|-------|-------|--------|-----------
         Aggregated                                                                         0     0(0.00%) |      0       0       0      0 |    0.00        0.00

[2026-04-16 16:47:20,247] Bhargavs-MacBook-Pro/WARNING/locust.runners: Your selected spawn rate is very high (>100), and this is known to sometimes cause issues. Do you really need to ramp up that fast?
Type     Name                                                                          # reqs      # fails |    Avg     Min     Max    Med |   req/s  failures/s
--------|----------------------------------------------------------------------------|-------|-------------|-------|-------|-------|-------|--------|-----------
POST     booking/book                                                                       1     0(0.00%) |     54      54      54     54 |    0.00        0.00
POST     queue/join                                                                       721     0(0.00%) |    135      37     194    170 |    0.00        0.00
GET      queue/status                                                                     401     0(0.00%) |     58      33     129     50 |    0.00        0.00
--------|----------------------------------------------------------------------------|-------|-------------|-------|-------|-------|-------|--------|-----------
         Aggregated                                                                      1123     0(0.00%) |    107      33     194     94 |    0.00        0.00

Type     Name                                                                          # reqs      # fails |    Avg     Min     Max    Med |   req/s  failures/s
--------|----------------------------------------------------------------------------|-------|-------------|-------|-------|-------|-------|--------|-----------
POST     booking/book                                                                      22     0(0.00%) |     61      48      74     62 |    1.00        0.00
POST     queue/join                                                                       721     0(0.00%) |    135      37     194    170 |  360.00        0.00
GET      queue/status                                                                     801     0(0.00%) |     54      26     129     51 |  200.00        0.00
--------|----------------------------------------------------------------------------|-------|-------------|-------|-------|-------|-------|--------|-----------
         Aggregated                                                                      1544     0(0.00%) |     92      26     194     60 |  561.00        0.00

Type     Name                                                                          # reqs      # fails |    Avg     Min     Max    Med |   req/s  failures/s
--------|----------------------------------------------------------------------------|-------|-------------|-------|-------|-------|-------|--------|-----------
POST     booking/book                                                                      43     0(0.00%) |     56      36      74     58 |    7.33        0.00
POST     queue/join                                                                       721     0(0.00%) |    135      37     194    170 |  240.33        0.00
GET      queue/status                                                                    1180     0(0.00%) |     52      26     129     50 |  200.00        0.00
--------|----------------------------------------------------------------------------|-------|-------------|-------|-------|-------|-------|--------|-----------
         Aggregated                                                                      1944     0(0.00%) |     83      26     194     56 |  447.67        0.00

Type     Name                                                                          # reqs      # fails |    Avg     Min     Max    Med |   req/s  failures/s
--------|----------------------------------------------------------------------------|-------|-------------|-------|-------|-------|-------|--------|-----------
POST     booking/book                                                                      63     0(0.00%) |     55      36      74     55 |    8.60        0.00
POST     queue/join                                                                       721     0(0.00%) |    135      37     194    170 |  144.20        0.00
GET      queue/status                                                                    1538     0(0.00%) |     53      26     129     50 |  195.80        0.00
--------|----------------------------------------------------------------------------|-------|-------------|-------|-------|-------|-------|--------|-----------
         Aggregated                                                                      2322     0(0.00%) |     78      26     194     55 |  348.60        0.00

Type     Name                                                                          # reqs      # fails |    Avg     Min     Max    Med |   req/s  failures/s
--------|----------------------------------------------------------------------------|-------|-------------|-------|-------|-------|-------|--------|-----------
POST     booking/book                                                                      84     0(0.00%) |     52      36      74     51 |    9.00        0.00
POST     queue/join                                                                       721     0(0.00%) |    135      37     194    170 |  103.00        0.00
GET      queue/status                                                                    1876     0(0.00%) |     53      26     129     49 |  191.00        0.00
--------|----------------------------------------------------------------------------|-------|-------------|-------|-------|-------|-------|--------|-----------
         Aggregated                                                                      2681     0(0.00%) |     75      26     194     54 |  303.00        0.00

Type     Name                                                                          # reqs      # fails |    Avg     Min     Max    Med |   req/s  failures/s
--------|----------------------------------------------------------------------------|-------|-------------|-------|-------|-------|-------|--------|-----------
POST     booking/book                                                                     105     0(0.00%) |     52      36      74     50 |    8.40        0.00
POST     queue/join                                                                       721     0(0.00%) |    135      37     194    170 |   72.10        0.00
GET      queue/status                                                                    2193     0(0.00%) |     53      26     129     50 |  187.60        0.00
--------|----------------------------------------------------------------------------|-------|-------------|-------|-------|-------|-------|--------|-----------
         Aggregated                                                                      3019     0(0.00%) |     73      26     194     54 |  268.10        0.00

Type     Name                                                                          # reqs      # fails |    Avg     Min     Max    Med |   req/s  failures/s
--------|----------------------------------------------------------------------------|-------|-------------|-------|-------|-------|-------|--------|-----------
POST     booking/book                                                                     126     0(0.00%) |     52      36      74     50 |   10.40        0.00
POST     queue/join                                                                       721     0(0.00%) |    135      37     194    170 |    0.00        0.00
GET      queue/status                                                                    2489     0(0.00%) |     55      26     129     51 |  178.50        0.00
--------|----------------------------------------------------------------------------|-------|-------------|-------|-------|-------|-------|--------|-----------
         Aggregated                                                                      3336     0(0.00%) |     72      26     194     55 |  188.90        0.00

Type     Name                                                                          # reqs      # fails |    Avg     Min     Max    Med |   req/s  failures/s
--------|----------------------------------------------------------------------------|-------|-------------|-------|-------|-------|-------|--------|-----------
POST     booking/book                                                                     147     0(0.00%) |     52      36     101     50 |   10.40        0.00
POST     queue/join                                                                       721     0(0.00%) |    135      37     194    170 |    0.00        0.00
GET      queue/status                                                                    2764     0(0.00%) |     56      26     129     53 |  152.30        0.00
--------|----------------------------------------------------------------------------|-------|-------------|-------|-------|-------|-------|--------|-----------
         Aggregated                                                                      3632     0(0.00%) |     71      26     194     56 |  162.70        0.00

Type     Name                                                                          # reqs      # fails |    Avg     Min     Max    Med |   req/s  failures/s
--------|----------------------------------------------------------------------------|-------|-------------|-------|-------|-------|-------|--------|-----------
POST     booking/book                                                                     167     0(0.00%) |     52      36     101     51 |   10.40        0.00
POST     queue/join                                                                       721     0(0.00%) |    135      37     194    170 |    0.00        0.00
GET      queue/status                                                                    3018     0(0.00%) |     57      26     129     54 |  138.30        0.00
--------|----------------------------------------------------------------------------|-------|-------------|-------|-------|-------|-------|--------|-----------
         Aggregated                                                                      3906     0(0.00%) |     71      26     194     57 |  148.70        0.00

Type     Name                                                                          # reqs      # fails |    Avg     Min     Max    Med |   req/s  failures/s
--------|----------------------------------------------------------------------------|-------|-------------|-------|-------|-------|-------|--------|-----------
POST     booking/book                                                                     188     0(0.00%) |     53      36     101     52 |   10.40        0.00
POST     queue/join                                                                       721     0(0.00%) |    135      37     194    170 |    0.00        0.00
GET      queue/status                                                                    3085     0(0.00%) |     58      26     129     55 |  127.90        0.00
--------|----------------------------------------------------------------------------|-------|-------------|-------|-------|-------|-------|--------|-----------
         Aggregated                                                                      3994     0(0.00%) |     72      26     194     57 |  138.30        0.00

Type     Name                                                                          # reqs      # fails |    Avg     Min     Max    Med |   req/s  failures/s
--------|----------------------------------------------------------------------------|-------|-------------|-------|-------|-------|-------|--------|-----------
POST     booking/book                                                                     200     0(0.00%) |     53      36     101     52 |    8.30        0.00
POST     queue/join                                                                       721     0(0.00%) |    135      37     194    170 |    0.00        0.00
GET      queue/status                                                                    3264     0(0.00%) |     59      26     129     56 |  134.30        0.00
--------|----------------------------------------------------------------------------|-------|-------------|-------|-------|-------|-------|--------|-----------
         Aggregated                                                                      4185     0(0.00%) |     72      26     194     58 |  142.60        0.00

Type     Name                                                                          # reqs      # fails |    Avg     Min     Max    Med |   req/s  failures/s
--------|----------------------------------------------------------------------------|-------|-------------|-------|-------|-------|-------|--------|-----------
POST     booking/book                                                                     200     0(0.00%) |     53      36     101     52 |   10.40        0.00
POST     queue/join                                                                       721     0(0.00%) |    135      37     194    170 |    0.00        0.00
GET      queue/status                                                                    3465     0(0.00%) |     60      26     129     57 |  117.50        0.00
--------|----------------------------------------------------------------------------|-------|-------------|-------|-------|-------|-------|--------|-----------
         Aggregated                                                                      4386     0(0.00%) |     72      26     194     60 |  127.90        0.00

Type     Name                                                                          # reqs      # fails |    Avg     Min     Max    Med |   req/s  failures/s
--------|----------------------------------------------------------------------------|-------|-------------|-------|-------|-------|-------|--------|-----------
POST     booking/book                                                                     200     0(0.00%) |     53      36     101     52 |    9.50        0.00
POST     queue/join                                                                       721     0(0.00%) |    135      37     194    170 |    0.00        0.00
GET      queue/status                                                                    3666     0(0.00%) |     60      26     129     58 |  107.80        0.00
--------|----------------------------------------------------------------------------|-------|-------------|-------|-------|-------|-------|--------|-----------
         Aggregated                                                                      4587     0(0.00%) |     72      26     194     61 |  117.30        0.00

Type     Name                                                                          # reqs      # fails |    Avg     Min     Max    Med |   req/s  failures/s
--------|----------------------------------------------------------------------------|-------|-------------|-------|-------|-------|-------|--------|-----------
POST     booking/book                                                                     200     0(0.00%) |     53      36     101     52 |    7.40        0.00
POST     queue/join                                                                       721     0(0.00%) |    135      37     194    170 |    0.00        0.00
GET      queue/status                                                                    3867     0(0.00%) |     61      26     129     59 |  114.10        0.00
--------|----------------------------------------------------------------------------|-------|-------------|-------|-------|-------|-------|--------|-----------
         Aggregated                                                                      4788     0(0.00%) |     72      26     194     62 |  121.50        0.00

Type     Name                                                                          # reqs      # fails |    Avg     Min     Max    Med |   req/s  failures/s
--------|----------------------------------------------------------------------------|-------|-------------|-------|-------|-------|-------|--------|-----------
POST     booking/book                                                                     200     0(0.00%) |     53      36     101     52 |    5.30        0.00
POST     queue/join                                                                       721     0(0.00%) |    135      37     194    170 |    0.00        0.00
GET      queue/status                                                                    4068     0(0.00%) |     62      26     129     59 |  110.30        0.00
--------|----------------------------------------------------------------------------|-------|-------------|-------|-------|-------|-------|--------|-----------
         Aggregated                                                                      4989     0(0.00%) |     72      26     194     62 |  115.60        0.00

Type     Name                                                                          # reqs      # fails |    Avg     Min     Max    Med |   req/s  failures/s
--------|----------------------------------------------------------------------------|-------|-------------|-------|-------|-------|-------|--------|-----------
POST     booking/book                                                                     200     0(0.00%) |     53      36     101     52 |    3.30        0.00
POST     queue/join                                                                       721     0(0.00%) |    135      37     194    170 |    0.00        0.00
GET      queue/status                                                                    4269     0(0.00%) |     62      26     129     60 |  105.00        0.00
--------|----------------------------------------------------------------------------|-------|-------------|-------|-------|-------|-------|--------|-----------
         Aggregated                                                                      5190     0(0.00%) |     72      26     194     62 |  108.30        0.00

Type     Name                                                                          # reqs      # fails |    Avg     Min     Max    Med |   req/s  failures/s
--------|----------------------------------------------------------------------------|-------|-------------|-------|-------|-------|-------|--------|-----------
POST     booking/book                                                                     200     0(0.00%) |     53      36     101     52 |    1.20        0.00
POST     queue/join                                                                       721     0(0.00%) |    135      37     194    170 |    0.00        0.00
GET      queue/status                                                                    4470     0(0.00%) |     62      26     129     60 |  101.70        0.00
--------|----------------------------------------------------------------------------|-------|-------------|-------|-------|-------|-------|--------|-----------
         Aggregated                                                                      5391     0(0.00%) |     72      26     194     62 |  102.90        0.00

Type     Name                                                                          # reqs      # fails |    Avg     Min     Max    Med |   req/s  failures/s
--------|----------------------------------------------------------------------------|-------|-------------|-------|-------|-------|-------|--------|-----------
POST     booking/book                                                                     200     0(0.00%) |     53      36     101     52 |    0.00        0.00
POST     queue/join                                                                       721     0(0.00%) |    135      37     194    170 |    0.00        0.00
GET      queue/status                                                                    4671     0(0.00%) |     63      26     129     61 |  100.50        0.00
--------|----------------------------------------------------------------------------|-------|-------------|-------|-------|-------|-------|--------|-----------
         Aggregated                                                                      5592     0(0.00%) |     72      26     194     62 |  100.50        0.00

Type     Name                                                                          # reqs      # fails |    Avg     Min     Max    Med |   req/s  failures/s
--------|----------------------------------------------------------------------------|-------|-------------|-------|-------|-------|-------|--------|-----------
POST     booking/book                                                                     206     0(0.00%) |     53      36     101     52 |    0.00        0.00
POST     queue/join                                                                       721     0(0.00%) |    135      37     194    170 |    0.00        0.00
GET      queue/status                                                                    4872     0(0.00%) |     63      26     129     61 |  100.50        0.00
--------|----------------------------------------------------------------------------|-------|-------------|-------|-------|-------|-------|--------|-----------
         Aggregated                                                                      5799     0(0.00%) |     72      26     194     63 |  100.50        0.00

Type     Name                                                                          # reqs      # fails |    Avg     Min     Max    Med |   req/s  failures/s
--------|----------------------------------------------------------------------------|-------|-------------|-------|-------|-------|-------|--------|-----------
POST     booking/book                                                                     227     0(0.00%) |     52      36     101     52 |    0.00        0.00
POST     queue/join                                                                       721     0(0.00%) |    135      37     194    170 |    0.00        0.00
GET      queue/status                                                                    5067     0(0.00%) |     63      26     129     62 |   80.40        0.00
--------|----------------------------------------------------------------------------|-------|-------------|-------|-------|-------|-------|--------|-----------
         Aggregated                                                                      6015     0(0.00%) |     72      26     194     64 |   80.40        0.00

Type     Name                                                                          # reqs      # fails |    Avg     Min     Max    Med |   req/s  failures/s
--------|----------------------------------------------------------------------------|-------|-------------|-------|-------|-------|-------|--------|-----------
POST     booking/book                                                                     248     0(0.00%) |     64      36     242     52 |    0.60        0.00
POST     queue/join                                                                       721     0(0.00%) |    135      37     194    170 |    0.00        0.00
GET      queue/status                                                                    5241     0(0.00%) |     64      26     136     63 |   80.40        0.00
--------|----------------------------------------------------------------------------|-------|-------------|-------|-------|-------|-------|--------|-----------
         Aggregated                                                                      6210     0(0.00%) |     73      26     242     64 |   81.00        0.00

Type     Name                                                                          # reqs      # fails |    Avg     Min     Max    Med |   req/s  failures/s
--------|----------------------------------------------------------------------------|-------|-------------|-------|-------|-------|-------|--------|-----------
POST     booking/book                                                                     268     0(0.00%) |     64      36     242     53 |    2.70        0.00
POST     queue/join                                                                       721     0(0.00%) |    135      37     194    170 |    0.00        0.00
GET      queue/status                                                                    5394     0(0.00%) |     64      26     136     62 |   79.80        0.00
--------|----------------------------------------------------------------------------|-------|-------------|-------|-------|-------|-------|--------|-----------
         Aggregated                                                                      6383     0(0.00%) |     72      26     242     64 |   82.50        0.00

Type     Name                                                                          # reqs      # fails |    Avg     Min     Max    Med |   req/s  failures/s
--------|----------------------------------------------------------------------------|-------|-------------|-------|-------|-------|-------|--------|-----------
POST     booking/book                                                                     289     0(0.00%) |     63      36     242     54 |    4.80        0.00
POST     queue/join                                                                       721     0(0.00%) |    135      37     194    170 |    0.00        0.00
GET      queue/status                                                                    5527     0(0.00%) |     65      26     136     63 |   77.10        0.00
--------|----------------------------------------------------------------------------|-------|-------------|-------|-------|-------|-------|--------|-----------
         Aggregated                                                                      6537     0(0.00%) |     72      26     242     64 |   81.90        0.00

Type     Name                                                                          # reqs      # fails |    Avg     Min     Max    Med |   req/s  failures/s
--------|----------------------------------------------------------------------------|-------|-------------|-------|-------|-------|-------|--------|-----------
POST     booking/book                                                                     310     0(0.00%) |     64      36     242     54 |    6.80        0.00
POST     queue/join                                                                       721     0(0.00%) |    135      37     194    170 |    0.00        0.00
GET      queue/status                                                                    5639     0(0.00%) |     65      26     136     63 |   72.30        0.00
--------|----------------------------------------------------------------------------|-------|-------------|-------|-------|-------|-------|--------|-----------
         Aggregated                                                                      6670     0(0.00%) |     73      26     242     65 |   79.10        0.00

Type     Name                                                                          # reqs      # fails |    Avg     Min     Max    Med |   req/s  failures/s
--------|----------------------------------------------------------------------------|-------|-------------|-------|-------|-------|-------|--------|-----------
POST     booking/book                                                                     331     0(0.00%) |     63      36     242     55 |    8.90        0.00
POST     queue/join                                                                       721     0(0.00%) |    135      37     194    170 |    0.00        0.00
GET      queue/status                                                                    5730     0(0.00%) |     65      26     136     64 |   85.60        0.00
--------|----------------------------------------------------------------------------|-------|-------------|-------|-------|-------|-------|--------|-----------
         Aggregated                                                                      6782     0(0.00%) |     73      26     242     65 |   94.50        0.00

Type     Name                                                                          # reqs      # fails |    Avg     Min     Max    Med |   req/s  failures/s
--------|----------------------------------------------------------------------------|-------|-------------|-------|-------|-------|-------|--------|-----------
POST     booking/book                                                                     352     0(0.00%) |     64      36     242     56 |   10.40        0.00
POST     queue/join                                                                       721     0(0.00%) |    135      37     194    170 |    0.00        0.00
GET      queue/status                                                                    5800     0(0.00%) |     66      26     136     64 |   76.70        0.00
--------|----------------------------------------------------------------------------|-------|-------------|-------|-------|-------|-------|--------|-----------
         Aggregated                                                                      6873     0(0.00%) |     73      26     242     65 |   87.10        0.00

Type     Name                                                                          # reqs      # fails |    Avg     Min     Max    Med |   req/s  failures/s
--------|----------------------------------------------------------------------------|-------|-------------|-------|-------|-------|-------|--------|-----------
POST     booking/book                                                                     373     0(0.00%) |     64      36     242     57 |   10.40        0.00
POST     queue/join                                                                       721     0(0.00%) |    135      37     194    170 |    0.00        0.00
GET      queue/status                                                                    5849     0(0.00%) |     66      26     136     64 |   66.30        0.00
--------|----------------------------------------------------------------------------|-------|-------------|-------|-------|-------|-------|--------|-----------
         Aggregated                                                                      6943     0(0.00%) |     73      26     242     66 |   76.70        0.00

Type     Name                                                                          # reqs      # fails |    Avg     Min     Max    Med |   req/s  failures/s
--------|----------------------------------------------------------------------------|-------|-------------|-------|-------|-------|-------|--------|-----------
POST     booking/book                                                                     394     0(0.00%) |     64      36     242     58 |   10.50        0.00
POST     queue/join                                                                       721     0(0.00%) |    135      37     194    170 |    0.00        0.00
GET      queue/status                                                                    5877     0(0.00%) |     66      26     136     64 |   45.50        0.00
--------|----------------------------------------------------------------------------|-------|-------------|-------|-------|-------|-------|--------|-----------
         Aggregated                                                                      6992     0(0.00%) |     73      26     242     66 |   56.00        0.00

Type     Name                                                                          # reqs      # fails |    Avg     Min     Max    Med |   req/s  failures/s
--------|----------------------------------------------------------------------------|-------|-------------|-------|-------|-------|-------|--------|-----------
POST     booking/book                                                                     401     0(0.00%) |     63      36     242     57 |    8.40        0.00
POST     queue/join                                                                       721     0(0.00%) |    135      37     194    170 |    0.00        0.00
GET      queue/status                                                                    5884     0(0.00%) |     66      26     136     64 |   35.00        0.00
--------|----------------------------------------------------------------------------|-------|-------------|-------|-------|-------|-------|--------|-----------
         Aggregated                                                                      7006     0(0.00%) |     73      26     242     66 |   43.40        0.00

Type     Name                                                                          # reqs      # fails |    Avg     Min     Max    Med |   req/s  failures/s
--------|----------------------------------------------------------------------------|-------|-------------|-------|-------|-------|-------|--------|-----------
POST     booking/book                                                                     401     0(0.00%) |     63      36     242     57 |    8.40        0.00
POST     queue/join                                                                       721     0(0.00%) |    135      37     194    170 |    0.00        0.00
GET      queue/status                                                                    5884     0(0.00%) |     66      26     136     64 |   35.00        0.00
--------|----------------------------------------------------------------------------|-------|-------------|-------|-------|-------|-------|--------|-----------
         Aggregated                                                                      7006     0(0.00%) |     73      26     242     66 |   43.40        0.00

Type     Name                                                                          # reqs      # fails |    Avg     Min     Max    Med |   req/s  failures/s
--------|----------------------------------------------------------------------------|-------|-------------|-------|-------|-------|-------|--------|-----------
POST     booking/book                                                                     401     0(0.00%) |     63      36     242     57 |    8.40        0.00
POST     queue/join                                                                       721     0(0.00%) |    135      37     194    170 |    0.00        0.00
GET      queue/status                                                                    5884     0(0.00%) |     66      26     136     64 |   35.00        0.00
--------|----------------------------------------------------------------------------|-------|-------------|-------|-------|-------|-------|--------|-----------
         Aggregated                                                                      7006     0(0.00%) |     73      26     242     66 |   43.40        0.00

Type     Name                                                                          # reqs      # fails |    Avg     Min     Max    Med |   req/s  failures/s
--------|----------------------------------------------------------------------------|-------|-------------|-------|-------|-------|-------|--------|-----------
POST     booking/book                                                                     401     0(0.00%) |     63      36     242     57 |    8.40        0.00
POST     queue/join                                                                       721     0(0.00%) |    135      37     194    170 |    0.00        0.00
GET      queue/status                                                                    5884     0(0.00%) |     66      26     136     64 |   35.00        0.00
--------|----------------------------------------------------------------------------|-------|-------------|-------|-------|-------|-------|--------|-----------
         Aggregated                                                                      7006     0(0.00%) |     73      26     242     66 |   43.40        0.00

Type     Name                                                                          # reqs      # fails |    Avg     Min     Max    Med |   req/s  failures/s
--------|----------------------------------------------------------------------------|-------|-------------|-------|-------|-------|-------|--------|-----------
POST     booking/book                                                                     401     0(0.00%) |     63      36     242     57 |    8.40        0.00
POST     queue/join                                                                       721     0(0.00%) |    135      37     194    170 |    0.00        0.00
GET      queue/status                                                                    5884     0(0.00%) |     66      26     136     64 |   35.00        0.00
--------|----------------------------------------------------------------------------|-------|-------------|-------|-------|-------|-------|--------|-----------
         Aggregated                                                                      7006     0(0.00%) |     73      26     242     66 |   43.40        0.00

Type     Name                                                                          # reqs      # fails |    Avg     Min     Max    Med |   req/s  failures/s
--------|----------------------------------------------------------------------------|-------|-------------|-------|-------|-------|-------|--------|-----------
POST     booking/book                                                                     401     0(0.00%) |     63      36     242     57 |    8.40        0.00
POST     queue/join                                                                       721     0(0.00%) |    135      37     194    170 |    0.00        0.00
GET      queue/status                                                                    5884     0(0.00%) |     66      26     136     64 |   35.00        0.00
--------|----------------------------------------------------------------------------|-------|-------------|-------|-------|-------|-------|--------|-----------
         Aggregated                                                                      7006     0(0.00%) |     73      26     242     66 |   43.40        0.00

Type     Name                                                                          # reqs      # fails |    Avg     Min     Max    Med |   req/s  failures/s
--------|----------------------------------------------------------------------------|-------|-------------|-------|-------|-------|-------|--------|-----------
POST     booking/book                                                                     401     0(0.00%) |     63      36     242     57 |    8.40        0.00
POST     queue/join                                                                       721     0(0.00%) |    135      37     194    170 |    0.00        0.00
GET      queue/status                                                                    5884     0(0.00%) |     66      26     136     64 |   35.00        0.00
--------|----------------------------------------------------------------------------|-------|-------------|-------|-------|-------|-------|--------|-----------
         Aggregated                                                                      7006     0(0.00%) |     73      26     242     66 |   43.40        0.00

Type     Name                                                                          # reqs      # fails |    Avg     Min     Max    Med |   req/s  failures/s
--------|----------------------------------------------------------------------------|-------|-------------|-------|-------|-------|-------|--------|-----------
POST     booking/book                                                                     401     0(0.00%) |     63      36     242     57 |    8.40        0.00
POST     queue/join                                                                       721     0(0.00%) |    135      37     194    170 |    0.00        0.00
GET      queue/status                                                                    5884     0(0.00%) |     66      26     136     64 |   35.00        0.00
--------|----------------------------------------------------------------------------|-------|-------------|-------|-------|-------|-------|--------|-----------
         Aggregated                                                                      7006     0(0.00%) |     73      26     242     66 |   43.40        0.00

Type     Name                                                                          # reqs      # fails |    Avg     Min     Max    Med |   req/s  failures/s
--------|----------------------------------------------------------------------------|-------|-------------|-------|-------|-------|-------|--------|-----------
POST     booking/book                                                                     401     0(0.00%) |     63      36     242     57 |    8.40        0.00
POST     queue/join                                                                       721     0(0.00%) |    135      37     194    170 |    0.00        0.00
GET      queue/status                                                                    5884     0(0.00%) |     66      26     136     64 |   35.00        0.00
--------|----------------------------------------------------------------------------|-------|-------------|-------|-------|-------|-------|--------|-----------
         Aggregated                                                                      7006     0(0.00%) |     73      26     242     66 |   43.40        0.00

Type     Name                                                                          # reqs      # fails |    Avg     Min     Max    Med |   req/s  failures/s
--------|----------------------------------------------------------------------------|-------|-------------|-------|-------|-------|-------|--------|-----------
POST     booking/book                                                                     401     0(0.00%) |     63      36     242     57 |    8.40        0.00
POST     queue/join                                                                       721     0(0.00%) |    135      37     194    170 |    0.00        0.00
GET      queue/status                                                                    5884     0(0.00%) |     66      26     136     64 |   35.00        0.00
--------|----------------------------------------------------------------------------|-------|-------------|-------|-------|-------|-------|--------|-----------
         Aggregated                                                                      7006     0(0.00%) |     73      26     242     66 |   43.40        0.00

Type     Name                                                                          # reqs      # fails |    Avg     Min     Max    Med |   req/s  failures/s
--------|----------------------------------------------------------------------------|-------|-------------|-------|-------|-------|-------|--------|-----------
POST     booking/book                                                                     401     0(0.00%) |     63      36     242     57 |    8.40        0.00
POST     queue/join                                                                       721     0(0.00%) |    135      37     194    170 |    0.00        0.00
GET      queue/status                                                                    5884     0(0.00%) |     66      26     136     64 |   35.00        0.00
--------|----------------------------------------------------------------------------|-------|-------------|-------|-------|-------|-------|--------|-----------
         Aggregated                                                                      7006     0(0.00%) |     73      26     242     66 |   43.40        0.00

Type     Name                                                                          # reqs      # fails |    Avg     Min     Max    Med |   req/s  failures/s
--------|----------------------------------------------------------------------------|-------|-------------|-------|-------|-------|-------|--------|-----------
POST     booking/book                                                                     401     0(0.00%) |     63      36     242     57 |    8.40        0.00
POST     queue/join                                                                       721     0(0.00%) |    135      37     194    170 |    0.00        0.00
GET      queue/status                                                                    5884     0(0.00%) |     66      26     136     64 |   35.00        0.00
--------|----------------------------------------------------------------------------|-------|-------------|-------|-------|-------|-------|--------|-----------
         Aggregated                                                                      7006     0(0.00%) |     73      26     242     66 |   43.40        0.00

Type     Name                                                                          # reqs      # fails |    Avg     Min     Max    Med |   req/s  failures/s
--------|----------------------------------------------------------------------------|-------|-------------|-------|-------|-------|-------|--------|-----------
POST     booking/book                                                                     401     0(0.00%) |     63      36     242     57 |    8.40        0.00
POST     queue/join                                                                       721     0(0.00%) |    135      37     194    170 |    0.00        0.00
GET      queue/status                                                                    5884     0(0.00%) |     66      26     136     64 |   35.00        0.00
--------|----------------------------------------------------------------------------|-------|-------------|-------|-------|-------|-------|--------|-----------
         Aggregated                                                                      7006     0(0.00%) |     73      26     242     66 |   43.40        0.00

Type     Name                                                                          # reqs      # fails |    Avg     Min     Max    Med |   req/s  failures/s
--------|----------------------------------------------------------------------------|-------|-------------|-------|-------|-------|-------|--------|-----------
POST     booking/book                                                                     401     0(0.00%) |     63      36     242     57 |    8.40        0.00
POST     queue/join                                                                       721     0(0.00%) |    135      37     194    170 |    0.00        0.00
GET      queue/status                                                                    5884     0(0.00%) |     66      26     136     64 |   35.00        0.00
--------|----------------------------------------------------------------------------|-------|-------------|-------|-------|-------|-------|--------|-----------
         Aggregated                                                                      7006     0(0.00%) |     73      26     242     66 |   43.40        0.00

Type     Name                                                                          # reqs      # fails |    Avg     Min     Max    Med |   req/s  failures/s
--------|----------------------------------------------------------------------------|-------|-------------|-------|-------|-------|-------|--------|-----------
POST     booking/book                                                                     401     0(0.00%) |     63      36     242     57 |    8.40        0.00
POST     queue/join                                                                       721     0(0.00%) |    135      37     194    170 |    0.00        0.00
GET      queue/status                                                                    5884     0(0.00%) |     66      26     136     64 |   35.00        0.00
--------|----------------------------------------------------------------------------|-------|-------------|-------|-------|-------|-------|--------|-----------
         Aggregated                                                                      7006     0(0.00%) |     73      26     242     66 |   43.40        0.00

Type     Name                                                                          # reqs      # fails |    Avg     Min     Max    Med |   req/s  failures/s
--------|----------------------------------------------------------------------------|-------|-------------|-------|-------|-------|-------|--------|-----------
POST     booking/book                                                                     401     0(0.00%) |     63      36     242     57 |    8.40        0.00
POST     queue/join                                                                       721     0(0.00%) |    135      37     194    170 |    0.00        0.00
GET      queue/status                                                                    5884     0(0.00%) |     66      26     136     64 |   35.00        0.00
--------|----------------------------------------------------------------------------|-------|-------------|-------|-------|-------|-------|--------|-----------
         Aggregated                                                                      7006     0(0.00%) |     73      26     242     66 |   43.40        0.00

Type     Name                                                                          # reqs      # fails |    Avg     Min     Max    Med |   req/s  failures/s
--------|----------------------------------------------------------------------------|-------|-------------|-------|-------|-------|-------|--------|-----------
POST     booking/book                                                                     401     0(0.00%) |     63      36     242     57 |    8.40        0.00
POST     queue/join                                                                       721     0(0.00%) |    135      37     194    170 |    0.00        0.00
GET      queue/status                                                                    5884     0(0.00%) |     66      26     136     64 |   35.00        0.00
--------|----------------------------------------------------------------------------|-------|-------------|-------|-------|-------|-------|--------|-----------
         Aggregated                                                                      7006     0(0.00%) |     73      26     242     66 |   43.40        0.00

Type     Name                                                                          # reqs      # fails |    Avg     Min     Max    Med |   req/s  failures/s
--------|----------------------------------------------------------------------------|-------|-------------|-------|-------|-------|-------|--------|-----------
POST     booking/book                                                                     401     0(0.00%) |     63      36     242     57 |    8.40        0.00
POST     queue/join                                                                       721     0(0.00%) |    135      37     194    170 |    0.00        0.00
GET      queue/status                                                                    5884     0(0.00%) |     66      26     136     64 |   35.00        0.00
--------|----------------------------------------------------------------------------|-------|-------------|-------|-------|-------|-------|--------|-----------
         Aggregated                                                                      7006     0(0.00%) |     73      26     242     66 |   43.40        0.00

Type     Name                                                                          # reqs      # fails |    Avg     Min     Max    Med |   req/s  failures/s
--------|----------------------------------------------------------------------------|-------|-------------|-------|-------|-------|-------|--------|-----------
POST     booking/book                                                                     401     0(0.00%) |     63      36     242     57 |    8.40        0.00
POST     queue/join                                                                       721     0(0.00%) |    135      37     194    170 |    0.00        0.00
GET      queue/status                                                                    5884     0(0.00%) |     66      26     136     64 |   35.00        0.00
--------|----------------------------------------------------------------------------|-------|-------------|-------|-------|-------|-------|--------|-----------
         Aggregated                                                                      7006     0(0.00%) |     73      26     242     66 |   43.40        0.00

Type     Name                                                                          # reqs      # fails |    Avg     Min     Max    Med |   req/s  failures/s
--------|----------------------------------------------------------------------------|-------|-------------|-------|-------|-------|-------|--------|-----------
POST     booking/book                                                                     401     0(0.00%) |     63      36     242     57 |    8.40        0.00
POST     queue/join                                                                       721     0(0.00%) |    135      37     194    170 |    0.00        0.00
GET      queue/status                                                                    5884     0(0.00%) |     66      26     136     64 |   35.00        0.00
--------|----------------------------------------------------------------------------|-------|-------------|-------|-------|-------|-------|--------|-----------
         Aggregated                                                                      7006     0(0.00%) |     73      26     242     66 |   43.40        0.00

Type     Name                                                                          # reqs      # fails |    Avg     Min     Max    Med |   req/s  failures/s
--------|----------------------------------------------------------------------------|-------|-------------|-------|-------|-------|-------|--------|-----------
POST     booking/book                                                                     401     0(0.00%) |     63      36     242     57 |    8.40        0.00
POST     queue/join                                                                       721     0(0.00%) |    135      37     194    170 |    0.00        0.00
GET      queue/status                                                                    5884     0(0.00%) |     66      26     136     64 |   35.00        0.00
--------|----------------------------------------------------------------------------|-------|-------------|-------|-------|-------|-------|--------|-----------
         Aggregated                                                                      7006     0(0.00%) |     73      26     242     66 |   43.40        0.00

Type     Name                                                                          # reqs      # fails |    Avg     Min     Max    Med |   req/s  failures/s
--------|----------------------------------------------------------------------------|-------|-------------|-------|-------|-------|-------|--------|-----------
POST     booking/book                                                                     401     0(0.00%) |     63      36     242     57 |    8.40        0.00
POST     queue/join                                                                       721     0(0.00%) |    135      37     194    170 |    0.00        0.00
GET      queue/status                                                                    5884     0(0.00%) |     66      26     136     64 |   35.00        0.00
--------|----------------------------------------------------------------------------|-------|-------------|-------|-------|-------|-------|--------|-----------
         Aggregated                                                                      7006     0(0.00%) |     73      26     242     66 |   43.40        0.00

Type     Name                                                                          # reqs      # fails |    Avg     Min     Max    Med |   req/s  failures/s
--------|----------------------------------------------------------------------------|-------|-------------|-------|-------|-------|-------|--------|-----------
POST     booking/book                                                                     401     0(0.00%) |     63      36     242     57 |    8.40        0.00
POST     queue/join                                                                       721     0(0.00%) |    135      37     194    170 |    0.00        0.00
GET      queue/status                                                                    5884     0(0.00%) |     66      26     136     64 |   35.00        0.00
--------|----------------------------------------------------------------------------|-------|-------------|-------|-------|-------|-------|--------|-----------
         Aggregated                                                                      7006     0(0.00%) |     73      26     242     66 |   43.40        0.00

Type     Name                                                                          # reqs      # fails |    Avg     Min     Max    Med |   req/s  failures/s
--------|----------------------------------------------------------------------------|-------|-------------|-------|-------|-------|-------|--------|-----------
POST     booking/book                                                                     401     0(0.00%) |     63      36     242     57 |    8.40        0.00
POST     queue/join                                                                       721     0(0.00%) |    135      37     194    170 |    0.00        0.00
GET      queue/status                                                                    5884     0(0.00%) |     66      26     136     64 |   35.00        0.00
--------|----------------------------------------------------------------------------|-------|-------------|-------|-------|-------|-------|--------|-----------
         Aggregated                                                                      7006     0(0.00%) |     73      26     242     66 |   43.40        0.00

Type     Name                                                                          # reqs      # fails |    Avg     Min     Max    Med |   req/s  failures/s
--------|----------------------------------------------------------------------------|-------|-------------|-------|-------|-------|-------|--------|-----------
POST     booking/book                                                                     401     0(0.00%) |     63      36     242     57 |    8.40        0.00
POST     queue/join                                                                       721     0(0.00%) |    135      37     194    170 |    0.00        0.00
GET      queue/status                                                                    5884     0(0.00%) |     66      26     136     64 |   35.00        0.00
--------|----------------------------------------------------------------------------|-------|-------------|-------|-------|-------|-------|--------|-----------
         Aggregated                                                                      7006     0(0.00%) |     73      26     242     66 |   43.40        0.00

Type     Name                                                                          # reqs      # fails |    Avg     Min     Max    Med |   req/s  failures/s
--------|----------------------------------------------------------------------------|-------|-------------|-------|-------|-------|-------|--------|-----------
POST     booking/book                                                                     401     0(0.00%) |     63      36     242     57 |    8.40        0.00
POST     queue/join                                                                       721     0(0.00%) |    135      37     194    170 |    0.00        0.00
GET      queue/status                                                                    5884     0(0.00%) |     66      26     136     64 |   35.00        0.00
--------|----------------------------------------------------------------------------|-------|-------------|-------|-------|-------|-------|--------|-----------
         Aggregated                                                                      7006     0(0.00%) |     73      26     242     66 |   43.40        0.00

Type     Name                                                                          # reqs      # fails |    Avg     Min     Max    Med |   req/s  failures/s
--------|----------------------------------------------------------------------------|-------|-------------|-------|-------|-------|-------|--------|-----------
POST     booking/book                                                                     401     0(0.00%) |     63      36     242     57 |    8.40        0.00
POST     queue/join                                                                       721     0(0.00%) |    135      37     194    170 |    0.00        0.00
GET      queue/status                                                                    5884     0(0.00%) |     66      26     136     64 |   35.00        0.00
--------|----------------------------------------------------------------------------|-------|-------------|-------|-------|-------|-------|--------|-----------
         Aggregated                                                                      7006     0(0.00%) |     73      26     242     66 |   43.40        0.00

Type     Name                                                                          # reqs      # fails |    Avg     Min     Max    Med |   req/s  failures/s
--------|----------------------------------------------------------------------------|-------|-------------|-------|-------|-------|-------|--------|-----------
POST     booking/book                                                                     401     0(0.00%) |     63      36     242     57 |    8.40        0.00
POST     queue/join                                                                       721     0(0.00%) |    135      37     194    170 |    0.00        0.00
GET      queue/status                                                                    5884     0(0.00%) |     66      26     136     64 |   35.00        0.00
--------|----------------------------------------------------------------------------|-------|-------------|-------|-------|-------|-------|--------|-----------
         Aggregated                                                                      7006     0(0.00%) |     73      26     242     66 |   43.40        0.00

Type     Name                                                                          # reqs      # fails |    Avg     Min     Max    Med |   req/s  failures/s
--------|----------------------------------------------------------------------------|-------|-------------|-------|-------|-------|-------|--------|-----------
POST     booking/book                                                                     401     0(0.00%) |     63      36     242     57 |    8.40        0.00
POST     queue/join                                                                       721     0(0.00%) |    135      37     194    170 |    0.00        0.00
GET      queue/status                                                                    5884     0(0.00%) |     66      26     136     64 |   35.00        0.00
--------|----------------------------------------------------------------------------|-------|-------------|-------|-------|-------|-------|--------|-----------
         Aggregated                                                                      7006     0(0.00%) |     73      26     242     66 |   43.40        0.00

Type     Name                                                                          # reqs      # fails |    Avg     Min     Max    Med |   req/s  failures/s
--------|----------------------------------------------------------------------------|-------|-------------|-------|-------|-------|-------|--------|-----------
POST     booking/book                                                                     401     0(0.00%) |     63      36     242     57 |    8.40        0.00
POST     queue/join                                                                       721     0(0.00%) |    135      37     194    170 |    0.00        0.00
GET      queue/status                                                                    5884     0(0.00%) |     66      26     136     64 |   35.00        0.00
--------|----------------------------------------------------------------------------|-------|-------------|-------|-------|-------|-------|--------|-----------
         Aggregated                                                                      7006     0(0.00%) |     73      26     242     66 |   43.40        0.00

Type     Name                                                                          # reqs      # fails |    Avg     Min     Max    Med |   req/s  failures/s
--------|----------------------------------------------------------------------------|-------|-------------|-------|-------|-------|-------|--------|-----------
POST     booking/book                                                                     401     0(0.00%) |     63      36     242     57 |    8.40        0.00
POST     queue/join                                                                       721     0(0.00%) |    135      37     194    170 |    0.00        0.00
GET      queue/status                                                                    5884     0(0.00%) |     66      26     136     64 |   35.00        0.00
--------|----------------------------------------------------------------------------|-------|-------------|-------|-------|-------|-------|--------|-----------
         Aggregated                                                                      7006     0(0.00%) |     73      26     242     66 |   43.40        0.00

Type     Name                                                                          # reqs      # fails |    Avg     Min     Max    Med |   req/s  failures/s
--------|----------------------------------------------------------------------------|-------|-------------|-------|-------|-------|-------|--------|-----------
POST     booking/book                                                                     401     0(0.00%) |     63      36     242     57 |    6.93        0.00
POST     queue/join                                                                       721     0(0.00%) |    135      37     194    170 |   12.46        0.00
GET      queue/status                                                                    5884     0(0.00%) |     66      26     136     64 |  101.72        0.00
--------|----------------------------------------------------------------------------|-------|-------------|-------|-------|-------|-------|--------|-----------
         Aggregated                                                                      7006     0(0.00%) |     73      26     242     66 |  121.12        0.00

Response time percentiles (approximated)
Type     Name                                                                                  50%    66%    75%    80%    90%    95%    98%    99%  99.9% 99.99%   100% # reqs
--------|--------------------------------------------------------------------------------|--------|------|------|------|------|------|------|------|------|------|------|------
POST     booking/book                                                                           57     61     64     67     73    100    210    230    240    240    240    401
POST     queue/join                                                                            170    180    180    180    190    190    190    190    190    190    190    721
GET      queue/status                                                                           64     74     80     82     92     98    110    110    130    140    140   5884
--------|--------------------------------------------------------------------------------|--------|------|------|------|------|------|------|------|------|------|------|------
         Aggregated                                                                             66     77     83     87    100    170    180    190    210    240    240   7006


[Experiment 5] fairness_mode=allow_multiple  greedy_joins_per_user=3
  ─────────────────────────────────────────────────────
  Greedy users  — booked:   160  timeout:     0
  Fair users    — booked:   241  timeout:     0
  ─────────────────────────────────────────────────────
  Total greedy join attempts : 480
  Collapsed (deduped by IP)  : 0
  Greedy success rate: 100.0%
  Fair   success rate: 100.0%
  Fairness ratio (greedy/fair success rate): 1.00x
  (1.0 = fair; >1.0 = greedy users have an advantage)
