Type     Name                                                                          # reqs      # fails |    Avg     Min     Max    Med |   req/s  failures/s
--------|----------------------------------------------------------------------------|-------|-------------|-------|-------|-------|-------|--------|-----------
--------|----------------------------------------------------------------------------|-------|-------------|-------|-------|-------|-------|--------|-----------
         Aggregated                                                                         0     0(0.00%) |      0       0       0      0 |    0.00        0.00

[2026-04-16 16:49:28,053] Bhargavs-MacBook-Pro/WARNING/locust.runners: Your selected spawn rate is very high (>100), and this is known to sometimes cause issues. Do you really need to ramp up that fast?
Type     Name                                                                          # reqs      # fails |    Avg     Min     Max    Med |   req/s  failures/s
--------|----------------------------------------------------------------------------|-------|-------------|-------|-------|-------|-------|--------|-----------
POST     booking/book                                                                       1     0(0.00%) |     52      52      52     52 |    0.00        0.00
POST     queue/join                                                                       721     0(0.00%) |    188      31     439    200 |    0.00        0.00
GET      queue/status                                                                     401     0(0.00%) |     67      31     191     49 |    0.00        0.00
--------|----------------------------------------------------------------------------|-------|-------------|-------|-------|-------|-------|--------|-----------
         Aggregated                                                                      1123     0(0.00%) |    144      31     439     56 |    0.00        0.00

Type     Name                                                                          # reqs      # fails |    Avg     Min     Max    Med |   req/s  failures/s
--------|----------------------------------------------------------------------------|-------|-------------|-------|-------|-------|-------|--------|-----------
POST     booking/book                                                                      22     0(0.00%) |     50      39      62     48 |    1.00        0.00
POST     queue/join                                                                       721     0(0.00%) |    188      31     439    200 |  360.00        0.00
GET      queue/status                                                                     801     0(0.00%) |     57      28     191     46 |  200.00        0.00
--------|----------------------------------------------------------------------------|-------|-------------|-------|-------|-------|-------|--------|-----------
         Aggregated                                                                      1544     0(0.00%) |    118      28     439     51 |  561.00        0.00

Type     Name                                                                          # reqs      # fails |    Avg     Min     Max    Med |   req/s  failures/s
--------|----------------------------------------------------------------------------|-------|-------------|-------|-------|-------|-------|--------|-----------
POST     booking/book                                                                      43     0(0.00%) |     53      39      72     53 |    7.33        0.00
POST     queue/join                                                                       721     0(0.00%) |    188      31     439    200 |  240.33        0.00
GET      queue/status                                                                    1180     0(0.00%) |     54      27     191     46 |  200.00        0.00
--------|----------------------------------------------------------------------------|-------|-------------|-------|-------|-------|-------|--------|-----------
         Aggregated                                                                      1944     0(0.00%) |    104      27     439     50 |  447.67        0.00

Type     Name                                                                          # reqs      # fails |    Avg     Min     Max    Med |   req/s  failures/s
--------|----------------------------------------------------------------------------|-------|-------------|-------|-------|-------|-------|--------|-----------
POST     booking/book                                                                      64     0(0.00%) |     55      39      72     58 |    8.60        0.00
POST     queue/join                                                                       721     0(0.00%) |    188      31     439    200 |  144.20        0.00
GET      queue/status                                                                    1538     0(0.00%) |     53      27     191     46 |  195.80        0.00
--------|----------------------------------------------------------------------------|-------|-------------|-------|-------|-------|-------|--------|-----------
         Aggregated                                                                      2323     0(0.00%) |     95      27     439     49 |  348.60        0.00

Type     Name                                                                          # reqs      # fails |    Avg     Min     Max    Med |   req/s  failures/s
--------|----------------------------------------------------------------------------|-------|-------------|-------|-------|-------|-------|--------|-----------
POST     booking/book                                                                      85     0(0.00%) |     53      38      72     52 |    9.14        0.00
POST     queue/join                                                                       721     0(0.00%) |    188      31     439    200 |  103.00        0.00
GET      queue/status                                                                    1875     0(0.00%) |     53      24     191     46 |  191.00        0.00
--------|----------------------------------------------------------------------------|-------|-------------|-------|-------|-------|-------|--------|-----------
         Aggregated                                                                      2681     0(0.00%) |     89      24     439     49 |  303.14        0.00

Type     Name                                                                          # reqs      # fails |    Avg     Min     Max    Med |   req/s  failures/s
--------|----------------------------------------------------------------------------|-------|-------------|-------|-------|-------|-------|--------|-----------
POST     booking/book                                                                     105     0(0.00%) |     52      38      72     52 |    9.44        0.00
POST     queue/join                                                                       721     0(0.00%) |    188      31     439    200 |   80.11        0.00
GET      queue/status                                                                    2191     0(0.00%) |     54      24     191     46 |  186.00        0.00
--------|----------------------------------------------------------------------------|-------|-------------|-------|-------|-------|-------|--------|-----------
         Aggregated                                                                      3017     0(0.00%) |     86      24     439     49 |  275.56        0.00

Type     Name                                                                          # reqs      # fails |    Avg     Min     Max    Med |   req/s  failures/s
--------|----------------------------------------------------------------------------|-------|-------------|-------|-------|-------|-------|--------|-----------
POST     booking/book                                                                     126     0(0.00%) |     55      38      77     55 |   10.40        0.00
POST     queue/join                                                                       721     0(0.00%) |    188      31     439    200 |   36.10        0.00
GET      queue/status                                                                    2487     0(0.00%) |     56      24     191     48 |  179.00        0.00
--------|----------------------------------------------------------------------------|-------|-------------|-------|-------|-------|-------|--------|-----------
         Aggregated                                                                      3334     0(0.00%) |     85      24     439     50 |  225.50        0.00

Type     Name                                                                          # reqs      # fails |    Avg     Min     Max    Med |   req/s  failures/s
--------|----------------------------------------------------------------------------|-------|-------------|-------|-------|-------|-------|--------|-----------
POST     booking/book                                                                     147     0(0.00%) |     56      37      77     56 |   10.40        0.00
POST     queue/join                                                                       721     0(0.00%) |    188      31     439    200 |    0.00        0.00
GET      queue/status                                                                    2762     0(0.00%) |     59      24     191     50 |  168.60        0.00
--------|----------------------------------------------------------------------------|-------|-------------|-------|-------|-------|-------|--------|-----------
         Aggregated                                                                      3630     0(0.00%) |     84      24     439     52 |  179.00        0.00

Type     Name                                                                          # reqs      # fails |    Avg     Min     Max    Med |   req/s  failures/s
--------|----------------------------------------------------------------------------|-------|-------------|-------|-------|-------|-------|--------|-----------
POST     booking/book                                                                     168     0(0.00%) |     58      37      88     59 |    8.50        0.00
POST     queue/join                                                                       721     0(0.00%) |    188      31     439    200 |    0.00        0.00
GET      queue/status                                                                    2815     0(0.00%) |     60      24     191     50 |  158.20        0.00
--------|----------------------------------------------------------------------------|-------|-------------|-------|-------|-------|-------|--------|-----------
         Aggregated                                                                      3704     0(0.00%) |     84      24     439     53 |  166.70        0.00

Type     Name                                                                          # reqs      # fails |    Avg     Min     Max    Med |   req/s  failures/s
--------|----------------------------------------------------------------------------|-------|-------------|-------|-------|-------|-------|--------|-----------
POST     booking/book                                                                     189     0(0.00%) |     58      37      88     59 |    8.30        0.00
POST     queue/join                                                                       721     0(0.00%) |    188      31     439    200 |    0.00        0.00
GET      queue/status                                                                    3048     0(0.00%) |     61      24     191     53 |  142.50        0.00
--------|----------------------------------------------------------------------------|-------|-------------|-------|-------|-------|-------|--------|-----------
         Aggregated                                                                      3958     0(0.00%) |     84      24     439     56 |  150.80        0.00

Type     Name                                                                          # reqs      # fails |    Avg     Min     Max    Med |   req/s  failures/s
--------|----------------------------------------------------------------------------|-------|-------------|-------|-------|-------|-------|--------|-----------
POST     booking/book                                                                     200     0(0.00%) |     58      37      88     58 |    8.30        0.00
POST     queue/join                                                                       721     0(0.00%) |    188      31     439    200 |    0.00        0.00
GET      queue/status                                                                    3260     0(0.00%) |     61      24     191     55 |  134.20        0.00
--------|----------------------------------------------------------------------------|-------|-------------|-------|-------|-------|-------|--------|-----------
         Aggregated                                                                      4181     0(0.00%) |     83      24     439     58 |  142.50        0.00

Type     Name                                                                          # reqs      # fails |    Avg     Min     Max    Med |   req/s  failures/s
--------|----------------------------------------------------------------------------|-------|-------------|-------|-------|-------|-------|--------|-----------
POST     booking/book                                                                     221     0(0.00%) |     57      37      88     57 |   10.40        0.00
POST     queue/join                                                                       721     0(0.00%) |    188      31     439    200 |    0.00        0.00
GET      queue/status                                                                    3461     0(0.00%) |     61      24     191     56 |  117.30        0.00
--------|----------------------------------------------------------------------------|-------|-------------|-------|-------|-------|-------|--------|-----------
         Aggregated                                                                      4403     0(0.00%) |     81      24     439     57 |  127.70        0.00

Type     Name                                                                          # reqs      # fails |    Avg     Min     Max    Med |   req/s  failures/s
--------|----------------------------------------------------------------------------|-------|-------------|-------|-------|-------|-------|--------|-----------
POST     booking/book                                                                     241     0(0.00%) |     56      37      88     56 |    9.50        0.00
POST     queue/join                                                                       721     0(0.00%) |    188      31     439    200 |    0.00        0.00
GET      queue/status                                                                    3641     0(0.00%) |     61      24     191     57 |  106.90        0.00
--------|----------------------------------------------------------------------------|-------|-------------|-------|-------|-------|-------|--------|-----------
         Aggregated                                                                      4603     0(0.00%) |     80      24     439     58 |  116.40        0.00

Type     Name                                                                          # reqs      # fails |    Avg     Min     Max    Med |   req/s  failures/s
--------|----------------------------------------------------------------------------|-------|-------------|-------|-------|-------|-------|--------|-----------
POST     booking/book                                                                     262     0(0.00%) |     56      37      88     56 |    9.50        0.00
POST     queue/join                                                                       721     0(0.00%) |    188      31     439    200 |    0.00        0.00
GET      queue/status                                                                    3801     0(0.00%) |     61      24     191     58 |   97.40        0.00
--------|----------------------------------------------------------------------------|-------|-------------|-------|-------|-------|-------|--------|-----------
         Aggregated                                                                      4784     0(0.00%) |     80      24     439     59 |  106.90        0.00

Type     Name                                                                          # reqs      # fails |    Avg     Min     Max    Med |   req/s  failures/s
--------|----------------------------------------------------------------------------|-------|-------------|-------|-------|-------|-------|--------|-----------
POST     booking/book                                                                     283     0(0.00%) |     56      37      88     57 |    9.40        0.00
POST     queue/join                                                                       721     0(0.00%) |    188      31     439    200 |    0.00        0.00
GET      queue/status                                                                    3940     0(0.00%) |     62      24     191     59 |  108.00        0.00
--------|----------------------------------------------------------------------------|-------|-------------|-------|-------|-------|-------|--------|-----------
         Aggregated                                                                      4944     0(0.00%) |     80      24     439     60 |  117.40        0.00

Type     Name                                                                          # reqs      # fails |    Avg     Min     Max    Med |   req/s  failures/s
--------|----------------------------------------------------------------------------|-------|-------------|-------|-------|-------|-------|--------|-----------
POST     booking/book                                                                     304     0(0.00%) |     56      37      88     56 |    9.40        0.00
POST     queue/join                                                                       721     0(0.00%) |    188      31     439    200 |    0.00        0.00
GET      queue/status                                                                    4058     0(0.00%) |     63      24     191     60 |   98.60        0.00
--------|----------------------------------------------------------------------------|-------|-------------|-------|-------|-------|-------|--------|-----------
         Aggregated                                                                      5083     0(0.00%) |     80      24     439     60 |  108.00        0.00

Type     Name                                                                          # reqs      # fails |    Avg     Min     Max    Med |   req/s  failures/s
--------|----------------------------------------------------------------------------|-------|-------------|-------|-------|-------|-------|--------|-----------
POST     booking/book                                                                     325     0(0.00%) |     55      37      88     56 |    9.40        0.00
POST     queue/join                                                                       721     0(0.00%) |    188      31     439    200 |    0.00        0.00
GET      queue/status                                                                    4155     0(0.00%) |     63      24     191     60 |   89.20        0.00
--------|----------------------------------------------------------------------------|-------|-------------|-------|-------|-------|-------|--------|-----------
         Aggregated                                                                      5201     0(0.00%) |     80      24     439     60 |   98.60        0.00

Type     Name                                                                          # reqs      # fails |    Avg     Min     Max    Med |   req/s  failures/s
--------|----------------------------------------------------------------------------|-------|-------------|-------|-------|-------|-------|--------|-----------
POST     booking/book                                                                     346     0(0.00%) |     58      37     116     56 |   10.40        0.00
POST     queue/join                                                                       721     0(0.00%) |    188      31     439    200 |    0.00        0.00
GET      queue/status                                                                    4231     0(0.00%) |     63      24     191     60 |   69.40        0.00
--------|----------------------------------------------------------------------------|-------|-------------|-------|-------|-------|-------|--------|-----------
         Aggregated                                                                      5298     0(0.00%) |     79      24     439     61 |   79.80        0.00

Type     Name                                                                          # reqs      # fails |    Avg     Min     Max    Med |   req/s  failures/s
--------|----------------------------------------------------------------------------|-------|-------------|-------|-------|-------|-------|--------|-----------
POST     booking/book                                                                     367     0(0.00%) |     59      37     116     57 |   10.20        0.00
POST     queue/join                                                                       721     0(0.00%) |    188      31     439    200 |    0.00        0.00
GET      queue/status                                                                    4286     0(0.00%) |     63      24     191     61 |   59.00        0.00
--------|----------------------------------------------------------------------------|-------|-------------|-------|-------|-------|-------|--------|-----------
         Aggregated                                                                      5374     0(0.00%) |     80      24     439     61 |   69.20        0.00

Type     Name                                                                          # reqs      # fails |    Avg     Min     Max    Med |   req/s  failures/s
--------|----------------------------------------------------------------------------|-------|-------------|-------|-------|-------|-------|--------|-----------
POST     booking/book                                                                     387     0(0.00%) |     59      37     116     58 |    8.40        0.00
POST     queue/join                                                                       721     0(0.00%) |    188      31     439    200 |    0.00        0.00
GET      queue/status                                                                    4320     0(0.00%) |     63      24     191     61 |   44.10        0.00
--------|----------------------------------------------------------------------------|-------|-------------|-------|-------|-------|-------|--------|-----------
         Aggregated                                                                      5428     0(0.00%) |     80      24     439     61 |   52.50        0.00

Type     Name                                                                          # reqs      # fails |    Avg     Min     Max    Med |   req/s  failures/s
--------|----------------------------------------------------------------------------|-------|-------------|-------|-------|-------|-------|--------|-----------
POST     booking/book                                                                     401     0(0.00%) |     59      37     116     58 |    8.40        0.00
POST     queue/join                                                                       721     0(0.00%) |    188      31     439    200 |    0.00        0.00
GET      queue/status                                                                    4334     0(0.00%) |     63      24     191     61 |   34.60        0.00
--------|----------------------------------------------------------------------------|-------|-------------|-------|-------|-------|-------|--------|-----------
         Aggregated                                                                      5456     0(0.00%) |     80      24     439     61 |   43.00        0.00

Type     Name                                                                          # reqs      # fails |    Avg     Min     Max    Med |   req/s  failures/s
--------|----------------------------------------------------------------------------|-------|-------------|-------|-------|-------|-------|--------|-----------
POST     booking/book                                                                     401     0(0.00%) |     59      37     116     58 |    8.40        0.00
POST     queue/join                                                                       721     0(0.00%) |    188      31     439    200 |    0.00        0.00
GET      queue/status                                                                    4334     0(0.00%) |     63      24     191     61 |   34.60        0.00
--------|----------------------------------------------------------------------------|-------|-------------|-------|-------|-------|-------|--------|-----------
         Aggregated                                                                      5456     0(0.00%) |     80      24     439     61 |   43.00        0.00

Type     Name                                                                          # reqs      # fails |    Avg     Min     Max    Med |   req/s  failures/s
--------|----------------------------------------------------------------------------|-------|-------------|-------|-------|-------|-------|--------|-----------
POST     booking/book                                                                     401     0(0.00%) |     59      37     116     58 |    8.40        0.00
POST     queue/join                                                                       721     0(0.00%) |    188      31     439    200 |    0.00        0.00
GET      queue/status                                                                    4334     0(0.00%) |     63      24     191     61 |   34.60        0.00
--------|----------------------------------------------------------------------------|-------|-------------|-------|-------|-------|-------|--------|-----------
         Aggregated                                                                      5456     0(0.00%) |     80      24     439     61 |   43.00        0.00

Type     Name                                                                          # reqs      # fails |    Avg     Min     Max    Med |   req/s  failures/s
--------|----------------------------------------------------------------------------|-------|-------------|-------|-------|-------|-------|--------|-----------
POST     booking/book                                                                     401     0(0.00%) |     59      37     116     58 |    8.40        0.00
POST     queue/join                                                                       721     0(0.00%) |    188      31     439    200 |    0.00        0.00
GET      queue/status                                                                    4334     0(0.00%) |     63      24     191     61 |   34.60        0.00
--------|----------------------------------------------------------------------------|-------|-------------|-------|-------|-------|-------|--------|-----------
         Aggregated                                                                      5456     0(0.00%) |     80      24     439     61 |   43.00        0.00

Type     Name                                                                          # reqs      # fails |    Avg     Min     Max    Med |   req/s  failures/s
--------|----------------------------------------------------------------------------|-------|-------------|-------|-------|-------|-------|--------|-----------
POST     booking/book                                                                     401     0(0.00%) |     59      37     116     58 |    8.40        0.00
POST     queue/join                                                                       721     0(0.00%) |    188      31     439    200 |    0.00        0.00
GET      queue/status                                                                    4334     0(0.00%) |     63      24     191     61 |   34.60        0.00
--------|----------------------------------------------------------------------------|-------|-------------|-------|-------|-------|-------|--------|-----------
         Aggregated                                                                      5456     0(0.00%) |     80      24     439     61 |   43.00        0.00

Type     Name                                                                          # reqs      # fails |    Avg     Min     Max    Med |   req/s  failures/s
--------|----------------------------------------------------------------------------|-------|-------------|-------|-------|-------|-------|--------|-----------
POST     booking/book                                                                     401     0(0.00%) |     59      37     116     58 |    8.40        0.00
POST     queue/join                                                                       721     0(0.00%) |    188      31     439    200 |    0.00        0.00
GET      queue/status                                                                    4334     0(0.00%) |     63      24     191     61 |   34.60        0.00
--------|----------------------------------------------------------------------------|-------|-------------|-------|-------|-------|-------|--------|-----------
         Aggregated                                                                      5456     0(0.00%) |     80      24     439     61 |   43.00        0.00

Type     Name                                                                          # reqs      # fails |    Avg     Min     Max    Med |   req/s  failures/s
--------|----------------------------------------------------------------------------|-------|-------------|-------|-------|-------|-------|--------|-----------
POST     booking/book                                                                     401     0(0.00%) |     59      37     116     58 |    8.40        0.00
POST     queue/join                                                                       721     0(0.00%) |    188      31     439    200 |    0.00        0.00
GET      queue/status                                                                    4334     0(0.00%) |     63      24     191     61 |   34.60        0.00
--------|----------------------------------------------------------------------------|-------|-------------|-------|-------|-------|-------|--------|-----------
         Aggregated                                                                      5456     0(0.00%) |     80      24     439     61 |   43.00        0.00

Type     Name                                                                          # reqs      # fails |    Avg     Min     Max    Med |   req/s  failures/s
--------|----------------------------------------------------------------------------|-------|-------------|-------|-------|-------|-------|--------|-----------
POST     booking/book                                                                     401     0(0.00%) |     59      37     116     58 |    8.40        0.00
POST     queue/join                                                                       721     0(0.00%) |    188      31     439    200 |    0.00        0.00
GET      queue/status                                                                    4334     0(0.00%) |     63      24     191     61 |   34.60        0.00
--------|----------------------------------------------------------------------------|-------|-------------|-------|-------|-------|-------|--------|-----------
         Aggregated                                                                      5456     0(0.00%) |     80      24     439     61 |   43.00        0.00

Type     Name                                                                          # reqs      # fails |    Avg     Min     Max    Med |   req/s  failures/s
--------|----------------------------------------------------------------------------|-------|-------------|-------|-------|-------|-------|--------|-----------
POST     booking/book                                                                     401     0(0.00%) |     59      37     116     58 |    8.40        0.00
POST     queue/join                                                                       721     0(0.00%) |    188      31     439    200 |    0.00        0.00
GET      queue/status                                                                    4334     0(0.00%) |     63      24     191     61 |   34.60        0.00
--------|----------------------------------------------------------------------------|-------|-------------|-------|-------|-------|-------|--------|-----------
         Aggregated                                                                      5456     0(0.00%) |     80      24     439     61 |   43.00        0.00

Type     Name                                                                          # reqs      # fails |    Avg     Min     Max    Med |   req/s  failures/s
--------|----------------------------------------------------------------------------|-------|-------------|-------|-------|-------|-------|--------|-----------
POST     booking/book                                                                     401     0(0.00%) |     59      37     116     58 |    8.40        0.00
POST     queue/join                                                                       721     0(0.00%) |    188      31     439    200 |    0.00        0.00
GET      queue/status                                                                    4334     0(0.00%) |     63      24     191     61 |   34.60        0.00
--------|----------------------------------------------------------------------------|-------|-------------|-------|-------|-------|-------|--------|-----------
         Aggregated                                                                      5456     0(0.00%) |     80      24     439     61 |   43.00        0.00

Type     Name                                                                          # reqs      # fails |    Avg     Min     Max    Med |   req/s  failures/s
--------|----------------------------------------------------------------------------|-------|-------------|-------|-------|-------|-------|--------|-----------
POST     booking/book                                                                     401     0(0.00%) |     59      37     116     58 |    8.40        0.00
POST     queue/join                                                                       721     0(0.00%) |    188      31     439    200 |    0.00        0.00
GET      queue/status                                                                    4334     0(0.00%) |     63      24     191     61 |   34.60        0.00
--------|----------------------------------------------------------------------------|-------|-------------|-------|-------|-------|-------|--------|-----------
         Aggregated                                                                      5456     0(0.00%) |     80      24     439     61 |   43.00        0.00

Type     Name                                                                          # reqs      # fails |    Avg     Min     Max    Med |   req/s  failures/s
--------|----------------------------------------------------------------------------|-------|-------------|-------|-------|-------|-------|--------|-----------
POST     booking/book                                                                     401     0(0.00%) |     59      37     116     58 |    8.40        0.00
POST     queue/join                                                                       721     0(0.00%) |    188      31     439    200 |    0.00        0.00
GET      queue/status                                                                    4334     0(0.00%) |     63      24     191     61 |   34.60        0.00
--------|----------------------------------------------------------------------------|-------|-------------|-------|-------|-------|-------|--------|-----------
         Aggregated                                                                      5456     0(0.00%) |     80      24     439     61 |   43.00        0.00

Type     Name                                                                          # reqs      # fails |    Avg     Min     Max    Med |   req/s  failures/s
--------|----------------------------------------------------------------------------|-------|-------------|-------|-------|-------|-------|--------|-----------
POST     booking/book                                                                     401     0(0.00%) |     59      37     116     58 |    8.40        0.00
POST     queue/join                                                                       721     0(0.00%) |    188      31     439    200 |    0.00        0.00
GET      queue/status                                                                    4334     0(0.00%) |     63      24     191     61 |   34.60        0.00
--------|----------------------------------------------------------------------------|-------|-------------|-------|-------|-------|-------|--------|-----------
         Aggregated                                                                      5456     0(0.00%) |     80      24     439     61 |   43.00        0.00

Type     Name                                                                          # reqs      # fails |    Avg     Min     Max    Med |   req/s  failures/s
--------|----------------------------------------------------------------------------|-------|-------------|-------|-------|-------|-------|--------|-----------
POST     booking/book                                                                     401     0(0.00%) |     59      37     116     58 |    8.40        0.00
POST     queue/join                                                                       721     0(0.00%) |    188      31     439    200 |    0.00        0.00
GET      queue/status                                                                    4334     0(0.00%) |     63      24     191     61 |   34.60        0.00
--------|----------------------------------------------------------------------------|-------|-------------|-------|-------|-------|-------|--------|-----------
         Aggregated                                                                      5456     0(0.00%) |     80      24     439     61 |   43.00        0.00

Type     Name                                                                          # reqs      # fails |    Avg     Min     Max    Med |   req/s  failures/s
--------|----------------------------------------------------------------------------|-------|-------------|-------|-------|-------|-------|--------|-----------
POST     booking/book                                                                     401     0(0.00%) |     59      37     116     58 |    8.40        0.00
POST     queue/join                                                                       721     0(0.00%) |    188      31     439    200 |    0.00        0.00
GET      queue/status                                                                    4334     0(0.00%) |     63      24     191     61 |   34.60        0.00
--------|----------------------------------------------------------------------------|-------|-------------|-------|-------|-------|-------|--------|-----------
         Aggregated                                                                      5456     0(0.00%) |     80      24     439     61 |   43.00        0.00

Type     Name                                                                          # reqs      # fails |    Avg     Min     Max    Med |   req/s  failures/s
--------|----------------------------------------------------------------------------|-------|-------------|-------|-------|-------|-------|--------|-----------
POST     booking/book                                                                     401     0(0.00%) |     59      37     116     58 |    8.40        0.00
POST     queue/join                                                                       721     0(0.00%) |    188      31     439    200 |    0.00        0.00
GET      queue/status                                                                    4334     0(0.00%) |     63      24     191     61 |   34.60        0.00
--------|----------------------------------------------------------------------------|-------|-------------|-------|-------|-------|-------|--------|-----------
         Aggregated                                                                      5456     0(0.00%) |     80      24     439     61 |   43.00        0.00

Type     Name                                                                          # reqs      # fails |    Avg     Min     Max    Med |   req/s  failures/s
--------|----------------------------------------------------------------------------|-------|-------------|-------|-------|-------|-------|--------|-----------
POST     booking/book                                                                     401     0(0.00%) |     59      37     116     58 |    8.40        0.00
POST     queue/join                                                                       721     0(0.00%) |    188      31     439    200 |    0.00        0.00
GET      queue/status                                                                    4334     0(0.00%) |     63      24     191     61 |   34.60        0.00
--------|----------------------------------------------------------------------------|-------|-------------|-------|-------|-------|-------|--------|-----------
         Aggregated                                                                      5456     0(0.00%) |     80      24     439     61 |   43.00        0.00

Type     Name                                                                          # reqs      # fails |    Avg     Min     Max    Med |   req/s  failures/s
--------|----------------------------------------------------------------------------|-------|-------------|-------|-------|-------|-------|--------|-----------
POST     booking/book                                                                     401     0(0.00%) |     59      37     116     58 |    8.40        0.00
POST     queue/join                                                                       721     0(0.00%) |    188      31     439    200 |    0.00        0.00
GET      queue/status                                                                    4334     0(0.00%) |     63      24     191     61 |   34.60        0.00
--------|----------------------------------------------------------------------------|-------|-------------|-------|-------|-------|-------|--------|-----------
         Aggregated                                                                      5456     0(0.00%) |     80      24     439     61 |   43.00        0.00

Type     Name                                                                          # reqs      # fails |    Avg     Min     Max    Med |   req/s  failures/s
--------|----------------------------------------------------------------------------|-------|-------------|-------|-------|-------|-------|--------|-----------
POST     booking/book                                                                     401     0(0.00%) |     59      37     116     58 |    8.40        0.00
POST     queue/join                                                                       721     0(0.00%) |    188      31     439    200 |    0.00        0.00
GET      queue/status                                                                    4334     0(0.00%) |     63      24     191     61 |   34.60        0.00
--------|----------------------------------------------------------------------------|-------|-------------|-------|-------|-------|-------|--------|-----------
         Aggregated                                                                      5456     0(0.00%) |     80      24     439     61 |   43.00        0.00

Type     Name                                                                          # reqs      # fails |    Avg     Min     Max    Med |   req/s  failures/s
--------|----------------------------------------------------------------------------|-------|-------------|-------|-------|-------|-------|--------|-----------
POST     booking/book                                                                     401     0(0.00%) |     59      37     116     58 |    8.40        0.00
POST     queue/join                                                                       721     0(0.00%) |    188      31     439    200 |    0.00        0.00
GET      queue/status                                                                    4334     0(0.00%) |     63      24     191     61 |   34.60        0.00
--------|----------------------------------------------------------------------------|-------|-------------|-------|-------|-------|-------|--------|-----------
         Aggregated                                                                      5456     0(0.00%) |     80      24     439     61 |   43.00        0.00

Type     Name                                                                          # reqs      # fails |    Avg     Min     Max    Med |   req/s  failures/s
--------|----------------------------------------------------------------------------|-------|-------------|-------|-------|-------|-------|--------|-----------
POST     booking/book                                                                     401     0(0.00%) |     59      37     116     58 |    8.40        0.00
POST     queue/join                                                                       721     0(0.00%) |    188      31     439    200 |    0.00        0.00
GET      queue/status                                                                    4334     0(0.00%) |     63      24     191     61 |   34.60        0.00
--------|----------------------------------------------------------------------------|-------|-------------|-------|-------|-------|-------|--------|-----------
         Aggregated                                                                      5456     0(0.00%) |     80      24     439     61 |   43.00        0.00

Type     Name                                                                          # reqs      # fails |    Avg     Min     Max    Med |   req/s  failures/s
--------|----------------------------------------------------------------------------|-------|-------------|-------|-------|-------|-------|--------|-----------
POST     booking/book                                                                     401     0(0.00%) |     59      37     116     58 |    8.40        0.00
POST     queue/join                                                                       721     0(0.00%) |    188      31     439    200 |    0.00        0.00
GET      queue/status                                                                    4334     0(0.00%) |     63      24     191     61 |   34.60        0.00
--------|----------------------------------------------------------------------------|-------|-------------|-------|-------|-------|-------|--------|-----------
         Aggregated                                                                      5456     0(0.00%) |     80      24     439     61 |   43.00        0.00

Type     Name                                                                          # reqs      # fails |    Avg     Min     Max    Med |   req/s  failures/s
--------|----------------------------------------------------------------------------|-------|-------------|-------|-------|-------|-------|--------|-----------
POST     booking/book                                                                     401     0(0.00%) |     59      37     116     58 |    8.40        0.00
POST     queue/join                                                                       721     0(0.00%) |    188      31     439    200 |    0.00        0.00
GET      queue/status                                                                    4334     0(0.00%) |     63      24     191     61 |   34.60        0.00
--------|----------------------------------------------------------------------------|-------|-------------|-------|-------|-------|-------|--------|-----------
         Aggregated                                                                      5456     0(0.00%) |     80      24     439     61 |   43.00        0.00

Type     Name                                                                          # reqs      # fails |    Avg     Min     Max    Med |   req/s  failures/s
--------|----------------------------------------------------------------------------|-------|-------------|-------|-------|-------|-------|--------|-----------
POST     booking/book                                                                     401     0(0.00%) |     59      37     116     58 |    8.40        0.00
POST     queue/join                                                                       721     0(0.00%) |    188      31     439    200 |    0.00        0.00
GET      queue/status                                                                    4334     0(0.00%) |     63      24     191     61 |   34.60        0.00
--------|----------------------------------------------------------------------------|-------|-------------|-------|-------|-------|-------|--------|-----------
         Aggregated                                                                      5456     0(0.00%) |     80      24     439     61 |   43.00        0.00

Type     Name                                                                          # reqs      # fails |    Avg     Min     Max    Med |   req/s  failures/s
--------|----------------------------------------------------------------------------|-------|-------------|-------|-------|-------|-------|--------|-----------
POST     booking/book                                                                     401     0(0.00%) |     59      37     116     58 |    8.40        0.00
POST     queue/join                                                                       721     0(0.00%) |    188      31     439    200 |    0.00        0.00
GET      queue/status                                                                    4334     0(0.00%) |     63      24     191     61 |   34.60        0.00
--------|----------------------------------------------------------------------------|-------|-------------|-------|-------|-------|-------|--------|-----------
         Aggregated                                                                      5456     0(0.00%) |     80      24     439     61 |   43.00        0.00

Type     Name                                                                          # reqs      # fails |    Avg     Min     Max    Med |   req/s  failures/s
--------|----------------------------------------------------------------------------|-------|-------------|-------|-------|-------|-------|--------|-----------
POST     booking/book                                                                     401     0(0.00%) |     59      37     116     58 |    8.40        0.00
POST     queue/join                                                                       721     0(0.00%) |    188      31     439    200 |    0.00        0.00
GET      queue/status                                                                    4334     0(0.00%) |     63      24     191     61 |   34.60        0.00
--------|----------------------------------------------------------------------------|-------|-------------|-------|-------|-------|-------|--------|-----------
         Aggregated                                                                      5456     0(0.00%) |     80      24     439     61 |   43.00        0.00

Type     Name                                                                          # reqs      # fails |    Avg     Min     Max    Med |   req/s  failures/s
--------|----------------------------------------------------------------------------|-------|-------------|-------|-------|-------|-------|--------|-----------
POST     booking/book                                                                     401     0(0.00%) |     59      37     116     58 |    8.40        0.00
POST     queue/join                                                                       721     0(0.00%) |    188      31     439    200 |    0.00        0.00
GET      queue/status                                                                    4334     0(0.00%) |     63      24     191     61 |   34.60        0.00
--------|----------------------------------------------------------------------------|-------|-------------|-------|-------|-------|-------|--------|-----------
         Aggregated                                                                      5456     0(0.00%) |     80      24     439     61 |   43.00        0.00

Type     Name                                                                          # reqs      # fails |    Avg     Min     Max    Med |   req/s  failures/s
--------|----------------------------------------------------------------------------|-------|-------------|-------|-------|-------|-------|--------|-----------
POST     booking/book                                                                     401     0(0.00%) |     59      37     116     58 |    8.40        0.00
POST     queue/join                                                                       721     0(0.00%) |    188      31     439    200 |    0.00        0.00
GET      queue/status                                                                    4334     0(0.00%) |     63      24     191     61 |   34.60        0.00
--------|----------------------------------------------------------------------------|-------|-------------|-------|-------|-------|-------|--------|-----------
         Aggregated                                                                      5456     0(0.00%) |     80      24     439     61 |   43.00        0.00

Type     Name                                                                          # reqs      # fails |    Avg     Min     Max    Med |   req/s  failures/s
--------|----------------------------------------------------------------------------|-------|-------------|-------|-------|-------|-------|--------|-----------
POST     booking/book                                                                     401     0(0.00%) |     59      37     116     58 |    8.40        0.00
POST     queue/join                                                                       721     0(0.00%) |    188      31     439    200 |    0.00        0.00
GET      queue/status                                                                    4334     0(0.00%) |     63      24     191     61 |   34.60        0.00
--------|----------------------------------------------------------------------------|-------|-------------|-------|-------|-------|-------|--------|-----------
         Aggregated                                                                      5456     0(0.00%) |     80      24     439     61 |   43.00        0.00

Type     Name                                                                          # reqs      # fails |    Avg     Min     Max    Med |   req/s  failures/s
--------|----------------------------------------------------------------------------|-------|-------------|-------|-------|-------|-------|--------|-----------
POST     booking/book                                                                     401     0(0.00%) |     59      37     116     58 |    8.40        0.00
POST     queue/join                                                                       721     0(0.00%) |    188      31     439    200 |    0.00        0.00
GET      queue/status                                                                    4334     0(0.00%) |     63      24     191     61 |   34.60        0.00
--------|----------------------------------------------------------------------------|-------|-------------|-------|-------|-------|-------|--------|-----------
         Aggregated                                                                      5456     0(0.00%) |     80      24     439     61 |   43.00        0.00

Type     Name                                                                          # reqs      # fails |    Avg     Min     Max    Med |   req/s  failures/s
--------|----------------------------------------------------------------------------|-------|-------------|-------|-------|-------|-------|--------|-----------
POST     booking/book                                                                     401     0(0.00%) |     59      37     116     58 |    8.40        0.00
POST     queue/join                                                                       721     0(0.00%) |    188      31     439    200 |    0.00        0.00
GET      queue/status                                                                    4334     0(0.00%) |     63      24     191     61 |   34.60        0.00
--------|----------------------------------------------------------------------------|-------|-------------|-------|-------|-------|-------|--------|-----------
         Aggregated                                                                      5456     0(0.00%) |     80      24     439     61 |   43.00        0.00

Type     Name                                                                          # reqs      # fails |    Avg     Min     Max    Med |   req/s  failures/s
--------|----------------------------------------------------------------------------|-------|-------------|-------|-------|-------|-------|--------|-----------
POST     booking/book                                                                     401     0(0.00%) |     59      37     116     58 |    8.40        0.00
POST     queue/join                                                                       721     0(0.00%) |    188      31     439    200 |    0.00        0.00
GET      queue/status                                                                    4334     0(0.00%) |     63      24     191     61 |   34.60        0.00
--------|----------------------------------------------------------------------------|-------|-------------|-------|-------|-------|-------|--------|-----------
         Aggregated                                                                      5456     0(0.00%) |     80      24     439     61 |   43.00        0.00

Type     Name                                                                          # reqs      # fails |    Avg     Min     Max    Med |   req/s  failures/s
--------|----------------------------------------------------------------------------|-------|-------------|-------|-------|-------|-------|--------|-----------
POST     booking/book                                                                     401     0(0.00%) |     59      37     116     58 |    8.40        0.00
POST     queue/join                                                                       721     0(0.00%) |    188      31     439    200 |    0.00        0.00
GET      queue/status                                                                    4334     0(0.00%) |     63      24     191     61 |   34.60        0.00
--------|----------------------------------------------------------------------------|-------|-------------|-------|-------|-------|-------|--------|-----------
         Aggregated                                                                      5456     0(0.00%) |     80      24     439     61 |   43.00        0.00

Type     Name                                                                          # reqs      # fails |    Avg     Min     Max    Med |   req/s  failures/s
--------|----------------------------------------------------------------------------|-------|-------------|-------|-------|-------|-------|--------|-----------
POST     booking/book                                                                     401     0(0.00%) |     59      37     116     58 |    8.40        0.00
POST     queue/join                                                                       721     0(0.00%) |    188      31     439    200 |    0.00        0.00
GET      queue/status                                                                    4334     0(0.00%) |     63      24     191     61 |   34.60        0.00
--------|----------------------------------------------------------------------------|-------|-------------|-------|-------|-------|-------|--------|-----------
         Aggregated                                                                      5456     0(0.00%) |     80      24     439     61 |   43.00        0.00

Type     Name                                                                          # reqs      # fails |    Avg     Min     Max    Med |   req/s  failures/s
--------|----------------------------------------------------------------------------|-------|-------------|-------|-------|-------|-------|--------|-----------
POST     booking/book                                                                     401     0(0.00%) |     59      37     116     58 |    8.40        0.00
POST     queue/join                                                                       721     0(0.00%) |    188      31     439    200 |    0.00        0.00
GET      queue/status                                                                    4334     0(0.00%) |     63      24     191     61 |   34.60        0.00
--------|----------------------------------------------------------------------------|-------|-------------|-------|-------|-------|-------|--------|-----------
         Aggregated                                                                      5456     0(0.00%) |     80      24     439     61 |   43.00        0.00

Type     Name                                                                          # reqs      # fails |    Avg     Min     Max    Med |   req/s  failures/s
--------|----------------------------------------------------------------------------|-------|-------------|-------|-------|-------|-------|--------|-----------
POST     booking/book                                                                     401     0(0.00%) |     59      37     116     58 |    8.40        0.00
POST     queue/join                                                                       721     0(0.00%) |    188      31     439    200 |    0.00        0.00
GET      queue/status                                                                    4334     0(0.00%) |     63      24     191     61 |   34.60        0.00
--------|----------------------------------------------------------------------------|-------|-------------|-------|-------|-------|-------|--------|-----------
         Aggregated                                                                      5456     0(0.00%) |     80      24     439     61 |   43.00        0.00

Type     Name                                                                          # reqs      # fails |    Avg     Min     Max    Med |   req/s  failures/s
--------|----------------------------------------------------------------------------|-------|-------------|-------|-------|-------|-------|--------|-----------
POST     booking/book                                                                     401     0(0.00%) |     59      37     116     58 |    8.40        0.00
POST     queue/join                                                                       721     0(0.00%) |    188      31     439    200 |    0.00        0.00
GET      queue/status                                                                    4334     0(0.00%) |     63      24     191     61 |   34.60        0.00
--------|----------------------------------------------------------------------------|-------|-------------|-------|-------|-------|-------|--------|-----------
         Aggregated                                                                      5456     0(0.00%) |     80      24     439     61 |   43.00        0.00

Type     Name                                                                          # reqs      # fails |    Avg     Min     Max    Med |   req/s  failures/s
--------|----------------------------------------------------------------------------|-------|-------------|-------|-------|-------|-------|--------|-----------
POST     booking/book                                                                     401     0(0.00%) |     59      37     116     58 |    8.40        0.00
POST     queue/join                                                                       721     0(0.00%) |    188      31     439    200 |    0.00        0.00
GET      queue/status                                                                    4334     0(0.00%) |     63      24     191     61 |   34.60        0.00
--------|----------------------------------------------------------------------------|-------|-------------|-------|-------|-------|-------|--------|-----------
         Aggregated                                                                      5456     0(0.00%) |     80      24     439     61 |   43.00        0.00

Type     Name                                                                          # reqs      # fails |    Avg     Min     Max    Med |   req/s  failures/s
--------|----------------------------------------------------------------------------|-------|-------------|-------|-------|-------|-------|--------|-----------
POST     booking/book                                                                     401     0(0.00%) |     59      37     116     58 |    8.40        0.00
POST     queue/join                                                                       721     0(0.00%) |    188      31     439    200 |    0.00        0.00
GET      queue/status                                                                    4334     0(0.00%) |     63      24     191     61 |   34.60        0.00
--------|----------------------------------------------------------------------------|-------|-------------|-------|-------|-------|-------|--------|-----------
         Aggregated                                                                      5456     0(0.00%) |     80      24     439     61 |   43.00        0.00

Type     Name                                                                          # reqs      # fails |    Avg     Min     Max    Med |   req/s  failures/s
--------|----------------------------------------------------------------------------|-------|-------------|-------|-------|-------|-------|--------|-----------
POST     booking/book                                                                     401     0(0.00%) |     59      37     116     58 |    9.74        0.00
POST     queue/join                                                                       721     0(0.00%) |    188      31     439    200 |   17.50        0.00
GET      queue/status                                                                    4334     0(0.00%) |     63      24     191     61 |  105.22        0.00
--------|----------------------------------------------------------------------------|-------|-------------|-------|-------|-------|-------|--------|-----------
         Aggregated                                                                      5456     0(0.00%) |     80      24     439     61 |  132.46        0.00

Response time percentiles (approximated)
Type     Name                                                                                  50%    66%    75%    80%    90%    95%    98%    99%  99.9% 99.99%   100% # reqs
--------|--------------------------------------------------------------------------------|--------|------|------|------|------|------|------|------|------|------|------|------
POST     booking/book                                                                           58     63     67     68     78     88    100    110    120    120    120    401
POST     queue/join                                                                            200    230    260    300    430    430    440    440    440    440    440    721
GET      queue/status                                                                           61     70     77     82     92    100    110    170    190    190    190   4334
--------|--------------------------------------------------------------------------------|--------|------|------|------|------|------|------|------|------|------|------|------
         Aggregated                                                                             61     71     81     86    110    230    420    430    440    440    440   5456


[Experiment 5] fairness_mode=collapse  greedy_joins_per_user=3
  ─────────────────────────────────────────────────────
  Greedy users  — booked:   160  timeout:     0
  Fair users    — booked:   241  timeout:     0
  ─────────────────────────────────────────────────────
  Total greedy join attempts : 480
  Collapsed (deduped by IP)  : 160
  Greedy success rate: 100.0%
  Fair   success rate: 100.0%
  Fairness ratio (greedy/fair success rate): 1.00x
  (1.0 = fair; >1.0 = greedy users have an advantage)
